2024-10-31 05:51:16,330 [Worker-3: Loading available Gradle versions] INFO  o.e.b.c.i.u.g.PublishedGradleVersions - Gradle version information cache is up-to-date. Trying to read.
2024-10-31 05:52:07,518 [Worker-5: Launching mavenrun-60f12aba-dd97-48b3-ad88-075617af2827] INFO  o.eclipse.m2e.core.internal.Bundles - getClasspathEntries(Bundle=org.eclipse.m2e.maven.runtime_3.9.900.20240824-1409 [640])
2024-10-31 05:52:07,528 [Worker-5: Launching mavenrun-60f12aba-dd97-48b3-ad88-075617af2827] INFO  o.eclipse.m2e.core.internal.Bundles - 	Entry: /home/br/eclipse/plugins/org.eclipse.m2e.maven.runtime_3.9.900.20240824-1409
2024-10-31 05:52:07,529 [Worker-5: Launching mavenrun-60f12aba-dd97-48b3-ad88-075617af2827] INFO  o.eclipse.m2e.core.internal.Bundles - 	Entry: /home/br/eclipse/plugins/org.eclipse.m2e.maven.runtime_3.9.900.20240824-1409/jars/aopalliance-1.0.jar
2024-10-31 05:52:07,529 [Worker-5: Launching mavenrun-60f12aba-dd97-48b3-ad88-075617af2827] INFO  o.eclipse.m2e.core.internal.Bundles - 	Entry: /home/br/eclipse/plugins/org.eclipse.m2e.maven.runtime_3.9.900.20240824-1409/jars/guice-5.1.0.jar
2024-10-31 05:52:07,529 [Worker-5: Launching mavenrun-60f12aba-dd97-48b3-ad88-075617af2827] INFO  o.eclipse.m2e.core.internal.Bundles - 	Entry: /home/br/eclipse/plugins/org.eclipse.m2e.maven.runtime_3.9.900.20240824-1409/jars/httpclient-4.5.14.jar
2024-10-31 05:52:07,529 [Worker-5: Launching mavenrun-60f12aba-dd97-48b3-ad88-075617af2827] INFO  o.eclipse.m2e.core.internal.Bundles - 	Entry: /home/br/eclipse/plugins/org.eclipse.m2e.maven.runtime_3.9.900.20240824-1409/jars/httpcore-4.4.16.jar
2024-10-31 05:52:07,529 [Worker-5: Launching mavenrun-60f12aba-dd97-48b3-ad88-075617af2827] INFO  o.eclipse.m2e.core.internal.Bundles - 	Entry: /home/br/eclipse/plugins/org.eclipse.m2e.maven.runtime_3.9.900.20240824-1409/jars/jansi-2.4.1.jar
2024-10-31 05:52:07,529 [Worker-5: Launching mavenrun-60f12aba-dd97-48b3-ad88-075617af2827] INFO  o.eclipse.m2e.core.internal.Bundles - 	Entry: /home/br/eclipse/plugins/org.eclipse.m2e.maven.runtime_3.9.900.20240824-1409/jars/jcl-over-slf4j-1.7.36.jar
2024-10-31 05:52:07,529 [Worker-5: Launching mavenrun-60f12aba-dd97-48b3-ad88-075617af2827] INFO  o.eclipse.m2e.core.internal.Bundles - 	Entry: /home/br/eclipse/plugins/org.eclipse.m2e.maven.runtime_3.9.900.20240824-1409/jars/maven-artifact-3.9.9.jar
2024-10-31 05:52:07,529 [Worker-5: Launching mavenrun-60f12aba-dd97-48b3-ad88-075617af2827] INFO  o.eclipse.m2e.core.internal.Bundles - 	Entry: /home/br/eclipse/plugins/org.eclipse.m2e.maven.runtime_3.9.900.20240824-1409/jars/maven-builder-support-3.9.9.jar
2024-10-31 05:52:07,529 [Worker-5: Launching mavenrun-60f12aba-dd97-48b3-ad88-075617af2827] INFO  o.eclipse.m2e.core.internal.Bundles - 	Entry: /home/br/eclipse/plugins/org.eclipse.m2e.maven.runtime_3.9.900.20240824-1409/jars/maven-compat-3.9.9.jar
2024-10-31 05:52:07,529 [Worker-5: Launching mavenrun-60f12aba-dd97-48b3-ad88-075617af2827] INFO  o.eclipse.m2e.core.internal.Bundles - 	Entry: /home/br/eclipse/plugins/org.eclipse.m2e.maven.runtime_3.9.900.20240824-1409/jars/maven-core-3.9.9.jar
2024-10-31 05:52:07,530 [Worker-5: Launching mavenrun-60f12aba-dd97-48b3-ad88-075617af2827] INFO  o.eclipse.m2e.core.internal.Bundles - 	Entry: /home/br/eclipse/plugins/org.eclipse.m2e.maven.runtime_3.9.900.20240824-1409/jars/maven-embedder-3.9.9.jar
2024-10-31 05:52:07,530 [Worker-5: Launching mavenrun-60f12aba-dd97-48b3-ad88-075617af2827] INFO  o.eclipse.m2e.core.internal.Bundles - 	Entry: /home/br/eclipse/plugins/org.eclipse.m2e.maven.runtime_3.9.900.20240824-1409/jars/maven-model-3.9.9.jar
2024-10-31 05:52:07,530 [Worker-5: Launching mavenrun-60f12aba-dd97-48b3-ad88-075617af2827] INFO  o.eclipse.m2e.core.internal.Bundles - 	Entry: /home/br/eclipse/plugins/org.eclipse.m2e.maven.runtime_3.9.900.20240824-1409/jars/maven-model-builder-3.9.9.jar
2024-10-31 05:52:07,532 [Worker-5: Launching mavenrun-60f12aba-dd97-48b3-ad88-075617af2827] INFO  o.eclipse.m2e.core.internal.Bundles - 	Entry: /home/br/eclipse/plugins/org.eclipse.m2e.maven.runtime_3.9.900.20240824-1409/jars/maven-plugin-api-3.9.9.jar
2024-10-31 05:52:07,532 [Worker-5: Launching mavenrun-60f12aba-dd97-48b3-ad88-075617af2827] INFO  o.eclipse.m2e.core.internal.Bundles - 	Entry: /home/br/eclipse/plugins/org.eclipse.m2e.maven.runtime_3.9.900.20240824-1409/jars/maven-repository-metadata-3.9.9.jar
2024-10-31 05:52:07,532 [Worker-5: Launching mavenrun-60f12aba-dd97-48b3-ad88-075617af2827] INFO  o.eclipse.m2e.core.internal.Bundles - 	Entry: /home/br/eclipse/plugins/org.eclipse.m2e.maven.runtime_3.9.900.20240824-1409/jars/maven-resolver-api-1.9.22.jar
2024-10-31 05:52:07,532 [Worker-5: Launching mavenrun-60f12aba-dd97-48b3-ad88-075617af2827] INFO  o.eclipse.m2e.core.internal.Bundles - 	Entry: /home/br/eclipse/plugins/org.eclipse.m2e.maven.runtime_3.9.900.20240824-1409/jars/maven-resolver-connector-basic-1.9.22.jar
2024-10-31 05:52:07,532 [Worker-5: Launching mavenrun-60f12aba-dd97-48b3-ad88-075617af2827] INFO  o.eclipse.m2e.core.internal.Bundles - 	Entry: /home/br/eclipse/plugins/org.eclipse.m2e.maven.runtime_3.9.900.20240824-1409/jars/maven-resolver-impl-1.9.22.jar
2024-10-31 05:52:07,532 [Worker-5: Launching mavenrun-60f12aba-dd97-48b3-ad88-075617af2827] INFO  o.eclipse.m2e.core.internal.Bundles - 	Entry: /home/br/eclipse/plugins/org.eclipse.m2e.maven.runtime_3.9.900.20240824-1409/jars/maven-resolver-named-locks-1.9.22.jar
2024-10-31 05:52:07,532 [Worker-5: Launching mavenrun-60f12aba-dd97-48b3-ad88-075617af2827] INFO  o.eclipse.m2e.core.internal.Bundles - 	Entry: /home/br/eclipse/plugins/org.eclipse.m2e.maven.runtime_3.9.900.20240824-1409/jars/maven-resolver-provider-3.9.9.jar
2024-10-31 05:52:07,532 [Worker-5: Launching mavenrun-60f12aba-dd97-48b3-ad88-075617af2827] INFO  o.eclipse.m2e.core.internal.Bundles - 	Entry: /home/br/eclipse/plugins/org.eclipse.m2e.maven.runtime_3.9.900.20240824-1409/jars/maven-resolver-spi-1.9.22.jar
2024-10-31 05:52:07,532 [Worker-5: Launching mavenrun-60f12aba-dd97-48b3-ad88-075617af2827] INFO  o.eclipse.m2e.core.internal.Bundles - 	Entry: /home/br/eclipse/plugins/org.eclipse.m2e.maven.runtime_3.9.900.20240824-1409/jars/maven-resolver-transport-file-1.9.22.jar
2024-10-31 05:52:07,532 [Worker-5: Launching mavenrun-60f12aba-dd97-48b3-ad88-075617af2827] INFO  o.eclipse.m2e.core.internal.Bundles - 	Entry: /home/br/eclipse/plugins/org.eclipse.m2e.maven.runtime_3.9.900.20240824-1409/jars/maven-resolver-transport-http-1.9.22.jar
2024-10-31 05:52:07,533 [Worker-5: Launching mavenrun-60f12aba-dd97-48b3-ad88-075617af2827] INFO  o.eclipse.m2e.core.internal.Bundles - 	Entry: /home/br/eclipse/plugins/org.eclipse.m2e.maven.runtime_3.9.900.20240824-1409/jars/maven-resolver-transport-wagon-1.9.22.jar
2024-10-31 05:52:07,533 [Worker-5: Launching mavenrun-60f12aba-dd97-48b3-ad88-075617af2827] INFO  o.eclipse.m2e.core.internal.Bundles - 	Entry: /home/br/eclipse/plugins/org.eclipse.m2e.maven.runtime_3.9.900.20240824-1409/jars/maven-resolver-util-1.9.22.jar
2024-10-31 05:52:07,533 [Worker-5: Launching mavenrun-60f12aba-dd97-48b3-ad88-075617af2827] INFO  o.eclipse.m2e.core.internal.Bundles - 	Entry: /home/br/eclipse/plugins/org.eclipse.m2e.maven.runtime_3.9.900.20240824-1409/jars/maven-settings-3.9.9.jar
2024-10-31 05:52:07,533 [Worker-5: Launching mavenrun-60f12aba-dd97-48b3-ad88-075617af2827] INFO  o.eclipse.m2e.core.internal.Bundles - 	Entry: /home/br/eclipse/plugins/org.eclipse.m2e.maven.runtime_3.9.900.20240824-1409/jars/maven-settings-builder-3.9.9.jar
2024-10-31 05:52:07,533 [Worker-5: Launching mavenrun-60f12aba-dd97-48b3-ad88-075617af2827] INFO  o.eclipse.m2e.core.internal.Bundles - 	Entry: /home/br/eclipse/plugins/org.eclipse.m2e.maven.runtime_3.9.900.20240824-1409/jars/maven-shared-utils-3.4.2.jar
2024-10-31 05:52:07,533 [Worker-5: Launching mavenrun-60f12aba-dd97-48b3-ad88-075617af2827] INFO  o.eclipse.m2e.core.internal.Bundles - 	Entry: /home/br/eclipse/plugins/org.eclipse.m2e.maven.runtime_3.9.900.20240824-1409/jars/org.eclipse.sisu.inject-0.9.0.M3.jar
2024-10-31 05:52:07,533 [Worker-5: Launching mavenrun-60f12aba-dd97-48b3-ad88-075617af2827] INFO  o.eclipse.m2e.core.internal.Bundles - 	Entry: /home/br/eclipse/plugins/org.eclipse.m2e.maven.runtime_3.9.900.20240824-1409/jars/org.eclipse.sisu.plexus-0.9.0.M3.jar
2024-10-31 05:52:07,533 [Worker-5: Launching mavenrun-60f12aba-dd97-48b3-ad88-075617af2827] INFO  o.eclipse.m2e.core.internal.Bundles - 	Entry: /home/br/eclipse/plugins/org.eclipse.m2e.maven.runtime_3.9.900.20240824-1409/jars/plexus-build-api-0.0.7.jar
2024-10-31 05:52:07,533 [Worker-5: Launching mavenrun-60f12aba-dd97-48b3-ad88-075617af2827] INFO  o.eclipse.m2e.core.internal.Bundles - 	Entry: /home/br/eclipse/plugins/org.eclipse.m2e.maven.runtime_3.9.900.20240824-1409/jars/plexus-build-api-1.2.0.jar
2024-10-31 05:52:07,533 [Worker-5: Launching mavenrun-60f12aba-dd97-48b3-ad88-075617af2827] INFO  o.eclipse.m2e.core.internal.Bundles - 	Entry: /home/br/eclipse/plugins/org.eclipse.m2e.maven.runtime_3.9.900.20240824-1409/jars/plexus-cipher-2.0.jar
2024-10-31 05:52:07,533 [Worker-5: Launching mavenrun-60f12aba-dd97-48b3-ad88-075617af2827] INFO  o.eclipse.m2e.core.internal.Bundles - 	Entry: /home/br/eclipse/plugins/org.eclipse.m2e.maven.runtime_3.9.900.20240824-1409/jars/plexus-classworlds-2.8.0.jar
2024-10-31 05:52:07,533 [Worker-5: Launching mavenrun-60f12aba-dd97-48b3-ad88-075617af2827] INFO  o.eclipse.m2e.core.internal.Bundles - 	Entry: /home/br/eclipse/plugins/org.eclipse.m2e.maven.runtime_3.9.900.20240824-1409/jars/plexus-component-annotations-2.1.0.jar
2024-10-31 05:52:07,533 [Worker-5: Launching mavenrun-60f12aba-dd97-48b3-ad88-075617af2827] INFO  o.eclipse.m2e.core.internal.Bundles - 	Entry: /home/br/eclipse/plugins/org.eclipse.m2e.maven.runtime_3.9.900.20240824-1409/jars/plexus-interpolation-1.27.jar
2024-10-31 05:52:07,533 [Worker-5: Launching mavenrun-60f12aba-dd97-48b3-ad88-075617af2827] INFO  o.eclipse.m2e.core.internal.Bundles - 	Entry: /home/br/eclipse/plugins/org.eclipse.m2e.maven.runtime_3.9.900.20240824-1409/jars/plexus-sec-dispatcher-2.0.jar
2024-10-31 05:52:07,534 [Worker-5: Launching mavenrun-60f12aba-dd97-48b3-ad88-075617af2827] INFO  o.eclipse.m2e.core.internal.Bundles - 	Entry: /home/br/eclipse/plugins/org.eclipse.m2e.maven.runtime_3.9.900.20240824-1409/jars/plexus-utils-3.5.1.jar
2024-10-31 05:52:07,534 [Worker-5: Launching mavenrun-60f12aba-dd97-48b3-ad88-075617af2827] INFO  o.eclipse.m2e.core.internal.Bundles - 	Entry: /home/br/eclipse/plugins/org.eclipse.m2e.maven.runtime_3.9.900.20240824-1409/jars/plexus-xml-3.0.1.jar
2024-10-31 05:52:07,534 [Worker-5: Launching mavenrun-60f12aba-dd97-48b3-ad88-075617af2827] INFO  o.eclipse.m2e.core.internal.Bundles - 	Entry: /home/br/eclipse/plugins/org.eclipse.m2e.maven.runtime_3.9.900.20240824-1409/jars/wagon-file-3.5.3.jar
2024-10-31 05:52:07,534 [Worker-5: Launching mavenrun-60f12aba-dd97-48b3-ad88-075617af2827] INFO  o.eclipse.m2e.core.internal.Bundles - 	Entry: /home/br/eclipse/plugins/org.eclipse.m2e.maven.runtime_3.9.900.20240824-1409/jars/wagon-http-3.5.3.jar
2024-10-31 05:52:07,534 [Worker-5: Launching mavenrun-60f12aba-dd97-48b3-ad88-075617af2827] INFO  o.eclipse.m2e.core.internal.Bundles - 	Entry: /home/br/eclipse/plugins/org.eclipse.m2e.maven.runtime_3.9.900.20240824-1409/jars/wagon-http-shared-3.5.3.jar
2024-10-31 05:52:07,534 [Worker-5: Launching mavenrun-60f12aba-dd97-48b3-ad88-075617af2827] INFO  o.eclipse.m2e.core.internal.Bundles - 	Entry: /home/br/eclipse/plugins/org.eclipse.m2e.maven.runtime_3.9.900.20240824-1409/jars/wagon-provider-api-3.5.3.jar
2024-10-31 05:52:07,543 [Worker-5: Launching mavenrun-60f12aba-dd97-48b3-ad88-075617af2827] INFO  o.eclipse.m2e.core.internal.Bundles - getClasspathEntries(Bundle=com.google.guava_33.3.0.jre [16])
2024-10-31 05:52:07,544 [Worker-5: Launching mavenrun-60f12aba-dd97-48b3-ad88-075617af2827] INFO  o.eclipse.m2e.core.internal.Bundles - 	Entry: /home/br/eclipse/plugins/com.google.guava_33.3.0.jre.jar
2024-10-31 05:52:07,544 [Worker-5: Launching mavenrun-60f12aba-dd97-48b3-ad88-075617af2827] INFO  o.eclipse.m2e.core.internal.Bundles - getClasspathEntries(Bundle=slf4j.api_2.0.16 [1004])
2024-10-31 05:52:07,544 [Worker-5: Launching mavenrun-60f12aba-dd97-48b3-ad88-075617af2827] INFO  o.eclipse.m2e.core.internal.Bundles - 	Entry: /home/br/eclipse/plugins/slf4j.api_2.0.16.jar
2024-10-31 05:52:07,544 [Worker-5: Launching mavenrun-60f12aba-dd97-48b3-ad88-075617af2827] INFO  o.eclipse.m2e.core.internal.Bundles - getClasspathEntries(Bundle=jakarta.inject.jakarta.inject-api_1.0.5 [34])
2024-10-31 05:52:07,544 [Worker-5: Launching mavenrun-60f12aba-dd97-48b3-ad88-075617af2827] INFO  o.eclipse.m2e.core.internal.Bundles - 	Entry: /home/br/eclipse/plugins/jakarta.inject.jakarta.inject-api_1.0.5.jar
2024-10-31 05:52:07,544 [Worker-5: Launching mavenrun-60f12aba-dd97-48b3-ad88-075617af2827] INFO  o.eclipse.m2e.core.internal.Bundles - getClasspathEntries(Bundle=jakarta.annotation-api_1.3.5 [29])
2024-10-31 05:52:07,545 [Worker-5: Launching mavenrun-60f12aba-dd97-48b3-ad88-075617af2827] INFO  o.eclipse.m2e.core.internal.Bundles - 	Entry: /home/br/eclipse/plugins/jakarta.annotation-api_1.3.5.jar
2024-10-31 05:52:07,545 [Worker-5: Launching mavenrun-60f12aba-dd97-48b3-ad88-075617af2827] INFO  o.eclipse.m2e.core.internal.Bundles - getClasspathEntries(Bundle=org.apache.commons.cli_1.9.0 [78])
2024-10-31 05:52:07,545 [Worker-5: Launching mavenrun-60f12aba-dd97-48b3-ad88-075617af2827] INFO  o.eclipse.m2e.core.internal.Bundles - 	Entry: /home/br/eclipse/plugins/org.apache.commons.cli_1.9.0.jar
2024-10-31 05:52:07,545 [Worker-5: Launching mavenrun-60f12aba-dd97-48b3-ad88-075617af2827] INFO  o.eclipse.m2e.core.internal.Bundles - getClasspathEntries(Bundle=org.apache.commons.commons-codec_1.16.0 [81])
2024-10-31 05:52:07,545 [Worker-5: Launching mavenrun-60f12aba-dd97-48b3-ad88-075617af2827] INFO  o.eclipse.m2e.core.internal.Bundles - 	Entry: /home/br/eclipse/plugins/org.apache.commons.commons-codec_1.16.0.jar
2024-10-31 05:52:07,545 [Worker-5: Launching mavenrun-60f12aba-dd97-48b3-ad88-075617af2827] INFO  o.eclipse.m2e.core.internal.Bundles - getClasspathEntries(Bundle=com.google.guava.failureaccess_1.0.2 [17])
2024-10-31 05:52:07,545 [Worker-5: Launching mavenrun-60f12aba-dd97-48b3-ad88-075617af2827] INFO  o.eclipse.m2e.core.internal.Bundles - 	Entry: /home/br/eclipse/plugins/com.google.guava.failureaccess_1.0.2.jar
2024-10-31 05:52:07,554 [Worker-5: Launching mavenrun-60f12aba-dd97-48b3-ad88-075617af2827] INFO  o.e.m.i.launch.MavenLaunchDelegate - Run build in "/tmp/m2e-archetypeGenerator1054240878936703075":
2024-10-31 05:52:07,565 [Worker-5: Launching mavenrun-60f12aba-dd97-48b3-ad88-075617af2827] INFO  o.e.m.i.launch.MavenLaunchDelegate -  mvn  -DarchetypeGroupId=org.apache.maven.archetypes -DarchetypeArtifactId=maven-archetype-quickstart -DarchetypeVersion=1.1 -DgroupId=Chapter14_Collections -DartifactId=Chapter14_Collections -Dversion=0.0.1-SNAPSHOT -Dpackage=Chapter14_Collections.Chapter14_Collections -DoutputDirectory=/home/br/Documents/java-programs/java28minutes -B -Dstyle.color=always -U archetype:generate
2024-10-31 05:52:17,263 [Worker-2: Creating maven-archetype-quickstart] INFO  o.e.m.c.i.p.ProjectConfigurationManager - Collecting project info '/pom.xml' /home/br/Documents/java-programs/java28minutes/Chapter14_Collections/pom.xml
2024-10-31 05:52:17,905 [Worker-2: Creating maven-archetype-quickstart] INFO  o.e.m.c.i.l.LifecycleMappingFactory - Using org.eclipse.m2e.jdt.JarLifecycleMapping lifecycle mapping for MavenProject: Chapter14_Collections:Chapter14_Collections:0.0.1-SNAPSHOT @ /home/br/Documents/java-programs/java28minutes/Chapter14_Collections/pom.xml.
2024-10-31 05:52:18,562 [Worker-2: Creating maven-archetype-quickstart] INFO  o.e.m.j.i.AbstractJavaProjectConfigurator - Adding source folder /Chapter14_Collections/src/main/java
2024-10-31 05:52:18,564 [Worker-2: Creating maven-archetype-quickstart] INFO  o.e.m.j.i.AbstractJavaProjectConfigurator - Adding resource folder /Chapter14_Collections/src/main/resources
2024-10-31 05:52:18,567 [Worker-2: Creating maven-archetype-quickstart] INFO  o.e.m.j.i.AbstractJavaProjectConfigurator - Adding source folder /Chapter14_Collections/src/test/java
2024-10-31 05:52:18,567 [Worker-2: Creating maven-archetype-quickstart] INFO  o.e.m.j.i.AbstractJavaProjectConfigurator - Adding resource folder /Chapter14_Collections/src/test/resources
2024-10-31 05:52:18,653 [Worker-2: Creating maven-archetype-quickstart] INFO  o.e.m.c.i.p.ProjectConfigurationManager - Imported and configured 1 project(s) in 1 sec
2024-10-31 05:52:19,974 [Worker-5: Building] INFO  o.a.m.s.f.DefaultMavenResourcesFiltering - skip non existing resourceDirectory /home/br/Documents/java-programs/java28minutes/Chapter14_Collections/src/main/resources
2024-10-31 05:52:19,981 [Worker-5: Building] INFO  o.a.m.s.f.DefaultMavenResourcesFiltering - skip non existing resourceDirectory /home/br/Documents/java-programs/java28minutes/Chapter14_Collections/src/test/resources
2024-10-31 05:52:48,296 [Worker-19: Building] INFO  o.a.m.s.f.DefaultMavenResourcesFiltering - skip non existing resourceDirectory /home/br/Documents/java-programs/java28minutes/Chapter14_Collections/src/main/resources
2024-10-31 05:52:48,300 [Worker-19: Building] INFO  o.a.m.s.f.DefaultMavenResourcesFiltering - skip non existing resourceDirectory /home/br/Documents/java-programs/java28minutes/Chapter14_Collections/src/test/resources
2024-10-31 05:53:01,948 [Worker-6: Building] INFO  o.e.m.c.i.l.LifecycleMappingFactory - Using org.eclipse.m2e.jdt.JarLifecycleMapping lifecycle mapping for MavenProject: Chapter14_Collections:Chapter14_Collections:0.0.1-SNAPSHOT @ /home/br/Documents/java-programs/java28minutes/Chapter14_Collections/pom.xml.
2024-10-31 05:53:02,095 [Worker-6: Building] INFO  o.a.m.s.f.DefaultMavenResourcesFiltering - skip non existing resourceDirectory /home/br/Documents/java-programs/java28minutes/Chapter14_Collections/src/main/resources
2024-10-31 05:53:02,100 [Worker-6: Building] INFO  o.a.m.s.f.DefaultMavenResourcesFiltering - skip non existing resourceDirectory /home/br/Documents/java-programs/java28minutes/Chapter14_Collections/src/test/resources
2024-10-31 05:53:03,505 [Worker-10: Building] INFO  o.a.m.s.f.DefaultMavenResourcesFiltering - skip non existing resourceDirectory /home/br/Documents/java-programs/java28minutes/Chapter14_Collections/src/main/resources
2024-10-31 05:53:03,509 [Worker-10: Building] INFO  o.a.m.s.f.DefaultMavenResourcesFiltering - skip non existing resourceDirectory /home/br/Documents/java-programs/java28minutes/Chapter14_Collections/src/test/resources
2024-10-31 05:53:13,557 [Worker-2: Building] INFO  o.a.m.s.f.DefaultMavenResourcesFiltering - skip non existing resourceDirectory /home/br/Documents/java-programs/java28minutes/Chapter14_Collections/src/main/resources
2024-10-31 05:53:13,562 [Worker-2: Building] INFO  o.a.m.s.f.DefaultMavenResourcesFiltering - skip non existing resourceDirectory /home/br/Documents/java-programs/java28minutes/Chapter14_Collections/src/test/resources
2024-10-31 05:53:17,452 [Worker-18: Building] INFO  o.a.m.s.f.DefaultMavenResourcesFiltering - skip non existing resourceDirectory /home/br/Documents/java-programs/java28minutes/Chapter14_Collections/src/main/resources
2024-10-31 05:53:17,456 [Worker-18: Building] INFO  o.a.m.s.f.DefaultMavenResourcesFiltering - skip non existing resourceDirectory /home/br/Documents/java-programs/java28minutes/Chapter14_Collections/src/test/resources
2024-10-31 05:54:44,318 [Worker-11: Building] INFO  o.a.m.s.f.DefaultMavenResourcesFiltering - skip non existing resourceDirectory /home/br/Documents/java-programs/java28minutes/Chapter14_Collections/src/main/resources
2024-10-31 05:54:44,322 [Worker-11: Building] INFO  o.a.m.s.f.DefaultMavenResourcesFiltering - skip non existing resourceDirectory /home/br/Documents/java-programs/java28minutes/Chapter14_Collections/src/test/resources
2024-10-31 05:55:04,008 [Worker-13: Building] INFO  o.a.m.s.f.DefaultMavenResourcesFiltering - skip non existing resourceDirectory /home/br/Documents/java-programs/java28minutes/Chapter14_Collections/src/main/resources
2024-10-31 05:55:04,012 [Worker-13: Building] INFO  o.a.m.s.f.DefaultMavenResourcesFiltering - skip non existing resourceDirectory /home/br/Documents/java-programs/java28minutes/Chapter14_Collections/src/test/resources
2024-10-31 05:57:24,047 [Worker-20: Building] INFO  o.a.m.s.f.DefaultMavenResourcesFiltering - skip non existing resourceDirectory /home/br/Documents/java-programs/java28minutes/Chapter14_Collections/src/main/resources
2024-10-31 05:57:24,059 [Worker-20: Building] INFO  o.a.m.s.f.DefaultMavenResourcesFiltering - skip non existing resourceDirectory /home/br/Documents/java-programs/java28minutes/Chapter14_Collections/src/test/resources
2024-10-31 05:57:27,199 [Worker-20: Building] INFO  o.a.m.s.f.DefaultMavenResourcesFiltering - skip non existing resourceDirectory /home/br/Documents/java-programs/java28minutes/Chapter14_Collections/src/main/resources
2024-10-31 05:57:27,207 [Worker-20: Building] INFO  o.a.m.s.f.DefaultMavenResourcesFiltering - skip non existing resourceDirectory /home/br/Documents/java-programs/java28minutes/Chapter14_Collections/src/test/resources
2024-10-31 06:00:35,242 [Worker-22: Building] INFO  o.a.m.s.f.DefaultMavenResourcesFiltering - skip non existing resourceDirectory /home/br/Documents/java-programs/java28minutes/Chapter14_Collections/src/main/resources
2024-10-31 06:00:35,245 [Worker-22: Building] INFO  o.a.m.s.f.DefaultMavenResourcesFiltering - skip non existing resourceDirectory /home/br/Documents/java-programs/java28minutes/Chapter14_Collections/src/test/resources
2024-10-31 06:01:44,897 [Worker-13: Building] INFO  o.a.m.s.f.DefaultMavenResourcesFiltering - skip non existing resourceDirectory /home/br/Documents/java-programs/java28minutes/Chapter14_Collections/src/main/resources
2024-10-31 06:01:44,900 [Worker-13: Building] INFO  o.a.m.s.f.DefaultMavenResourcesFiltering - skip non existing resourceDirectory /home/br/Documents/java-programs/java28minutes/Chapter14_Collections/src/test/resources
2024-10-31 06:02:30,358 [Worker-13: Building] INFO  o.a.m.s.f.DefaultMavenResourcesFiltering - skip non existing resourceDirectory /home/br/Documents/java-programs/java28minutes/Chapter14_Collections/src/main/resources
2024-10-31 06:02:30,362 [Worker-13: Building] INFO  o.a.m.s.f.DefaultMavenResourcesFiltering - skip non existing resourceDirectory /home/br/Documents/java-programs/java28minutes/Chapter14_Collections/src/test/resources
2024-10-31 06:02:44,547 [Worker-23: Building] INFO  o.a.m.s.f.DefaultMavenResourcesFiltering - skip non existing resourceDirectory /home/br/Documents/java-programs/java28minutes/Chapter14_Collections/src/main/resources
2024-10-31 06:02:44,549 [Worker-23: Building] INFO  o.a.m.s.f.DefaultMavenResourcesFiltering - skip non existing resourceDirectory /home/br/Documents/java-programs/java28minutes/Chapter14_Collections/src/test/resources
2024-10-31 06:03:02,028 [Worker-22: Building] INFO  o.a.m.s.f.DefaultMavenResourcesFiltering - skip non existing resourceDirectory /home/br/Documents/java-programs/java28minutes/Chapter14_Collections/src/main/resources
2024-10-31 06:03:02,031 [Worker-22: Building] INFO  o.a.m.s.f.DefaultMavenResourcesFiltering - skip non existing resourceDirectory /home/br/Documents/java-programs/java28minutes/Chapter14_Collections/src/test/resources
2024-10-31 06:03:13,886 [Worker-20: Building] INFO  o.a.m.s.f.DefaultMavenResourcesFiltering - skip non existing resourceDirectory /home/br/Documents/java-programs/java28minutes/Chapter14_Collections/src/main/resources
2024-10-31 06:03:13,889 [Worker-20: Building] INFO  o.a.m.s.f.DefaultMavenResourcesFiltering - skip non existing resourceDirectory /home/br/Documents/java-programs/java28minutes/Chapter14_Collections/src/test/resources
2024-10-31 06:03:41,728 [Worker-2: Building] INFO  o.a.m.s.f.DefaultMavenResourcesFiltering - skip non existing resourceDirectory /home/br/Documents/java-programs/java28minutes/Chapter14_Collections/src/main/resources
2024-10-31 06:03:41,731 [Worker-2: Building] INFO  o.a.m.s.f.DefaultMavenResourcesFiltering - skip non existing resourceDirectory /home/br/Documents/java-programs/java28minutes/Chapter14_Collections/src/test/resources
2024-10-31 06:04:03,418 [Worker-20: Building] INFO  o.a.m.s.f.DefaultMavenResourcesFiltering - skip non existing resourceDirectory /home/br/Documents/java-programs/java28minutes/Chapter14_Collections/src/main/resources
2024-10-31 06:04:03,420 [Worker-20: Building] INFO  o.a.m.s.f.DefaultMavenResourcesFiltering - skip non existing resourceDirectory /home/br/Documents/java-programs/java28minutes/Chapter14_Collections/src/test/resources
2024-10-31 06:04:28,378 [Worker-2: Building] INFO  o.a.m.s.f.DefaultMavenResourcesFiltering - skip non existing resourceDirectory /home/br/Documents/java-programs/java28minutes/Chapter14_Collections/src/main/resources
2024-10-31 06:04:28,381 [Worker-2: Building] INFO  o.a.m.s.f.DefaultMavenResourcesFiltering - skip non existing resourceDirectory /home/br/Documents/java-programs/java28minutes/Chapter14_Collections/src/test/resources
2024-10-31 06:05:22,825 [Worker-13: Building] INFO  o.a.m.s.f.DefaultMavenResourcesFiltering - skip non existing resourceDirectory /home/br/Documents/java-programs/java28minutes/Chapter14_Collections/src/main/resources
2024-10-31 06:05:22,829 [Worker-13: Building] INFO  o.a.m.s.f.DefaultMavenResourcesFiltering - skip non existing resourceDirectory /home/br/Documents/java-programs/java28minutes/Chapter14_Collections/src/test/resources
2024-10-31 06:07:12,126 [Worker-22: Building] INFO  o.a.m.s.f.DefaultMavenResourcesFiltering - skip non existing resourceDirectory /home/br/Documents/java-programs/java28minutes/Chapter14_Collections/src/main/resources
2024-10-31 06:07:12,128 [Worker-22: Building] INFO  o.a.m.s.f.DefaultMavenResourcesFiltering - skip non existing resourceDirectory /home/br/Documents/java-programs/java28minutes/Chapter14_Collections/src/test/resources
2024-10-31 06:09:15,160 [Worker-22: Building] INFO  o.a.m.s.f.DefaultMavenResourcesFiltering - skip non existing resourceDirectory /home/br/Documents/java-programs/java28minutes/Chapter14_Collections/src/main/resources
2024-10-31 06:09:15,163 [Worker-22: Building] INFO  o.a.m.s.f.DefaultMavenResourcesFiltering - skip non existing resourceDirectory /home/br/Documents/java-programs/java28minutes/Chapter14_Collections/src/test/resources
2024-10-31 06:09:18,272 [Worker-22: Building] INFO  o.a.m.s.f.DefaultMavenResourcesFiltering - skip non existing resourceDirectory /home/br/Documents/java-programs/java28minutes/Chapter14_Collections/src/main/resources
2024-10-31 06:09:18,277 [Worker-22: Building] INFO  o.a.m.s.f.DefaultMavenResourcesFiltering - skip non existing resourceDirectory /home/br/Documents/java-programs/java28minutes/Chapter14_Collections/src/test/resources
2024-10-31 06:11:41,753 [Worker-2: Building] INFO  o.a.m.s.f.DefaultMavenResourcesFiltering - skip non existing resourceDirectory /home/br/Documents/java-programs/java28minutes/Chapter14_Collections/src/main/resources
2024-10-31 06:11:41,756 [Worker-2: Building] INFO  o.a.m.s.f.DefaultMavenResourcesFiltering - skip non existing resourceDirectory /home/br/Documents/java-programs/java28minutes/Chapter14_Collections/src/test/resources
2024-10-31 06:11:54,045 [Worker-24: Building] INFO  o.a.m.s.f.DefaultMavenResourcesFiltering - skip non existing resourceDirectory /home/br/Documents/java-programs/java28minutes/Chapter14_Collections/src/main/resources
2024-10-31 06:11:54,047 [Worker-24: Building] INFO  o.a.m.s.f.DefaultMavenResourcesFiltering - skip non existing resourceDirectory /home/br/Documents/java-programs/java28minutes/Chapter14_Collections/src/test/resources
2024-10-31 06:11:58,155 [Worker-23: Building] INFO  o.a.m.s.f.DefaultMavenResourcesFiltering - skip non existing resourceDirectory /home/br/Documents/java-programs/java28minutes/Chapter14_Collections/src/main/resources
2024-10-31 06:11:58,158 [Worker-23: Building] INFO  o.a.m.s.f.DefaultMavenResourcesFiltering - skip non existing resourceDirectory /home/br/Documents/java-programs/java28minutes/Chapter14_Collections/src/test/resources
2024-10-31 06:13:43,859 [Worker-2: Building] INFO  o.a.m.s.f.DefaultMavenResourcesFiltering - skip non existing resourceDirectory /home/br/Documents/java-programs/java28minutes/Chapter14_Collections/src/main/resources
2024-10-31 06:13:43,862 [Worker-2: Building] INFO  o.a.m.s.f.DefaultMavenResourcesFiltering - skip non existing resourceDirectory /home/br/Documents/java-programs/java28minutes/Chapter14_Collections/src/test/resources
2024-10-31 06:14:42,576 [Worker-22: Building] INFO  o.a.m.s.f.DefaultMavenResourcesFiltering - skip non existing resourceDirectory /home/br/Documents/java-programs/java28minutes/Chapter14_Collections/src/main/resources
2024-10-31 06:14:42,579 [Worker-22: Building] INFO  o.a.m.s.f.DefaultMavenResourcesFiltering - skip non existing resourceDirectory /home/br/Documents/java-programs/java28minutes/Chapter14_Collections/src/test/resources
2024-10-31 06:15:10,093 [Worker-23: Building] INFO  o.a.m.s.f.DefaultMavenResourcesFiltering - skip non existing resourceDirectory /home/br/Documents/java-programs/java28minutes/Chapter14_Collections/src/main/resources
2024-10-31 06:15:10,096 [Worker-23: Building] INFO  o.a.m.s.f.DefaultMavenResourcesFiltering - skip non existing resourceDirectory /home/br/Documents/java-programs/java28minutes/Chapter14_Collections/src/test/resources
2024-10-31 06:16:22,629 [Worker-23: Building] INFO  o.a.m.s.f.DefaultMavenResourcesFiltering - skip non existing resourceDirectory /home/br/Documents/java-programs/java28minutes/Chapter14_Collections/src/main/resources
2024-10-31 06:16:22,632 [Worker-23: Building] INFO  o.a.m.s.f.DefaultMavenResourcesFiltering - skip non existing resourceDirectory /home/br/Documents/java-programs/java28minutes/Chapter14_Collections/src/test/resources
2024-10-31 06:16:54,198 [Worker-24: Building] INFO  o.a.m.s.f.DefaultMavenResourcesFiltering - skip non existing resourceDirectory /home/br/Documents/java-programs/java28minutes/Chapter14_Collections/src/main/resources
2024-10-31 06:16:54,201 [Worker-24: Building] INFO  o.a.m.s.f.DefaultMavenResourcesFiltering - skip non existing resourceDirectory /home/br/Documents/java-programs/java28minutes/Chapter14_Collections/src/test/resources
2024-10-31 06:20:27,628 [Worker-28: Building] INFO  o.a.m.s.f.DefaultMavenResourcesFiltering - skip non existing resourceDirectory /home/br/Documents/java-programs/java28minutes/Chapter14_Collections/src/main/resources
2024-10-31 06:20:27,634 [Worker-28: Building] INFO  o.a.m.s.f.DefaultMavenResourcesFiltering - skip non existing resourceDirectory /home/br/Documents/java-programs/java28minutes/Chapter14_Collections/src/test/resources
2024-10-31 06:25:10,044 [Worker-29: Building] INFO  o.a.m.s.f.DefaultMavenResourcesFiltering - skip non existing resourceDirectory /home/br/Documents/java-programs/java28minutes/Chapter14_Collections/src/main/resources
2024-10-31 06:25:10,046 [Worker-29: Building] INFO  o.a.m.s.f.DefaultMavenResourcesFiltering - skip non existing resourceDirectory /home/br/Documents/java-programs/java28minutes/Chapter14_Collections/src/test/resources
2024-10-31 06:25:25,971 [Worker-29: Building] INFO  o.a.m.s.f.DefaultMavenResourcesFiltering - skip non existing resourceDirectory /home/br/Documents/java-programs/java28minutes/Chapter14_Collections/src/main/resources
2024-10-31 06:25:25,974 [Worker-29: Building] INFO  o.a.m.s.f.DefaultMavenResourcesFiltering - skip non existing resourceDirectory /home/br/Documents/java-programs/java28minutes/Chapter14_Collections/src/test/resources
2024-10-31 06:25:56,495 [Worker-32: Building] INFO  o.a.m.s.f.DefaultMavenResourcesFiltering - skip non existing resourceDirectory /home/br/Documents/java-programs/java28minutes/Chapter14_Collections/src/main/resources
2024-10-31 06:25:56,497 [Worker-32: Building] INFO  o.a.m.s.f.DefaultMavenResourcesFiltering - skip non existing resourceDirectory /home/br/Documents/java-programs/java28minutes/Chapter14_Collections/src/test/resources
2024-10-31 06:26:12,721 [Worker-29: Building] INFO  o.a.m.s.f.DefaultMavenResourcesFiltering - skip non existing resourceDirectory /home/br/Documents/java-programs/java28minutes/Chapter14_Collections/src/main/resources
2024-10-31 06:26:12,723 [Worker-29: Building] INFO  o.a.m.s.f.DefaultMavenResourcesFiltering - skip non existing resourceDirectory /home/br/Documents/java-programs/java28minutes/Chapter14_Collections/src/test/resources
2024-10-31 06:28:31,970 [Worker-27: Building] INFO  o.a.m.s.f.DefaultMavenResourcesFiltering - skip non existing resourceDirectory /home/br/Documents/java-programs/java28minutes/Chapter14_Collections/src/main/resources
2024-10-31 06:28:31,974 [Worker-27: Building] INFO  o.a.m.s.f.DefaultMavenResourcesFiltering - skip non existing resourceDirectory /home/br/Documents/java-programs/java28minutes/Chapter14_Collections/src/test/resources
2024-10-31 06:28:38,326 [Worker-27: Building] INFO  o.a.m.s.f.DefaultMavenResourcesFiltering - skip non existing resourceDirectory /home/br/Documents/java-programs/java28minutes/Chapter14_Collections/src/main/resources
2024-10-31 06:28:38,329 [Worker-27: Building] INFO  o.a.m.s.f.DefaultMavenResourcesFiltering - skip non existing resourceDirectory /home/br/Documents/java-programs/java28minutes/Chapter14_Collections/src/test/resources
2024-10-31 06:31:56,158 [Worker-32: Building] INFO  o.a.m.s.f.DefaultMavenResourcesFiltering - skip non existing resourceDirectory /home/br/Documents/java-programs/java28minutes/Chapter14_Collections/src/main/resources
2024-10-31 06:31:56,160 [Worker-32: Building] INFO  o.a.m.s.f.DefaultMavenResourcesFiltering - skip non existing resourceDirectory /home/br/Documents/java-programs/java28minutes/Chapter14_Collections/src/test/resources
2024-10-31 06:33:22,871 [Worker-31: Building] INFO  o.a.m.s.f.DefaultMavenResourcesFiltering - skip non existing resourceDirectory /home/br/Documents/java-programs/java28minutes/Chapter14_Collections/src/main/resources
2024-10-31 06:33:22,873 [Worker-31: Building] INFO  o.a.m.s.f.DefaultMavenResourcesFiltering - skip non existing resourceDirectory /home/br/Documents/java-programs/java28minutes/Chapter14_Collections/src/test/resources
2024-10-31 06:54:34,197 [Worker-38: Building] INFO  o.a.m.s.f.DefaultMavenResourcesFiltering - skip non existing resourceDirectory /home/br/Documents/java-programs/java28minutes/Chapter14_Collections/src/main/resources
2024-10-31 06:54:34,201 [Worker-38: Building] INFO  o.a.m.s.f.DefaultMavenResourcesFiltering - skip non existing resourceDirectory /home/br/Documents/java-programs/java28minutes/Chapter14_Collections/src/test/resources
2024-10-31 06:54:39,941 [Worker-39: Building] INFO  o.a.m.s.f.DefaultMavenResourcesFiltering - skip non existing resourceDirectory /home/br/Documents/java-programs/java28minutes/Chapter14_Collections/src/main/resources
2024-10-31 06:54:39,944 [Worker-39: Building] INFO  o.a.m.s.f.DefaultMavenResourcesFiltering - skip non existing resourceDirectory /home/br/Documents/java-programs/java28minutes/Chapter14_Collections/src/test/resources
2024-10-31 06:55:27,204 [Worker-40: Building] INFO  o.a.m.s.f.DefaultMavenResourcesFiltering - skip non existing resourceDirectory /home/br/Documents/java-programs/java28minutes/Chapter14_Collections/src/main/resources
2024-10-31 06:55:27,206 [Worker-40: Building] INFO  o.a.m.s.f.DefaultMavenResourcesFiltering - skip non existing resourceDirectory /home/br/Documents/java-programs/java28minutes/Chapter14_Collections/src/test/resources
2024-10-31 06:56:31,126 [Worker-40: Building] INFO  o.a.m.s.f.DefaultMavenResourcesFiltering - skip non existing resourceDirectory /home/br/Documents/java-programs/java28minutes/Chapter14_Collections/src/main/resources
2024-10-31 06:56:31,128 [Worker-40: Building] INFO  o.a.m.s.f.DefaultMavenResourcesFiltering - skip non existing resourceDirectory /home/br/Documents/java-programs/java28minutes/Chapter14_Collections/src/test/resources
2024-10-31 06:57:09,465 [Worker-39: Building] INFO  o.a.m.s.f.DefaultMavenResourcesFiltering - skip non existing resourceDirectory /home/br/Documents/java-programs/java28minutes/Chapter14_Collections/src/main/resources
2024-10-31 06:57:09,467 [Worker-39: Building] INFO  o.a.m.s.f.DefaultMavenResourcesFiltering - skip non existing resourceDirectory /home/br/Documents/java-programs/java28minutes/Chapter14_Collections/src/test/resources
2024-10-31 06:59:23,088 [Worker-43: Building] INFO  o.a.m.s.f.DefaultMavenResourcesFiltering - skip non existing resourceDirectory /home/br/Documents/java-programs/java28minutes/Chapter14_Collections/src/main/resources
2024-10-31 06:59:23,092 [Worker-43: Building] INFO  o.a.m.s.f.DefaultMavenResourcesFiltering - skip non existing resourceDirectory /home/br/Documents/java-programs/java28minutes/Chapter14_Collections/src/test/resources
2024-10-31 06:59:26,116 [Worker-42: Building] INFO  o.a.m.s.f.DefaultMavenResourcesFiltering - skip non existing resourceDirectory /home/br/Documents/java-programs/java28minutes/Chapter14_Collections/src/main/resources
2024-10-31 06:59:26,118 [Worker-42: Building] INFO  o.a.m.s.f.DefaultMavenResourcesFiltering - skip non existing resourceDirectory /home/br/Documents/java-programs/java28minutes/Chapter14_Collections/src/test/resources
2024-10-31 06:59:31,148 [Worker-39: Building] INFO  o.a.m.s.f.DefaultMavenResourcesFiltering - skip non existing resourceDirectory /home/br/Documents/java-programs/java28minutes/Chapter14_Collections/src/main/resources
2024-10-31 06:59:31,150 [Worker-39: Building] INFO  o.a.m.s.f.DefaultMavenResourcesFiltering - skip non existing resourceDirectory /home/br/Documents/java-programs/java28minutes/Chapter14_Collections/src/test/resources
2024-10-31 07:03:32,341 [Worker-41: Building] INFO  o.a.m.s.f.DefaultMavenResourcesFiltering - skip non existing resourceDirectory /home/br/Documents/java-programs/java28minutes/Chapter14_Collections/src/main/resources
2024-10-31 07:03:32,344 [Worker-41: Building] INFO  o.a.m.s.f.DefaultMavenResourcesFiltering - skip non existing resourceDirectory /home/br/Documents/java-programs/java28minutes/Chapter14_Collections/src/test/resources
2024-10-31 07:03:42,270 [Worker-38: Building] INFO  o.a.m.s.f.DefaultMavenResourcesFiltering - skip non existing resourceDirectory /home/br/Documents/java-programs/java28minutes/Chapter14_Collections/src/main/resources
2024-10-31 07:03:42,272 [Worker-38: Building] INFO  o.a.m.s.f.DefaultMavenResourcesFiltering - skip non existing resourceDirectory /home/br/Documents/java-programs/java28minutes/Chapter14_Collections/src/test/resources
2024-10-31 07:04:04,630 [Worker-43: Building] INFO  o.a.m.s.f.DefaultMavenResourcesFiltering - skip non existing resourceDirectory /home/br/Documents/java-programs/java28minutes/Chapter14_Collections/src/main/resources
2024-10-31 07:04:04,631 [Worker-43: Building] INFO  o.a.m.s.f.DefaultMavenResourcesFiltering - skip non existing resourceDirectory /home/br/Documents/java-programs/java28minutes/Chapter14_Collections/src/test/resources
2024-10-31 07:04:51,700 [Worker-43: Building] INFO  o.a.m.s.f.DefaultMavenResourcesFiltering - skip non existing resourceDirectory /home/br/Documents/java-programs/java28minutes/Chapter14_Collections/src/main/resources
2024-10-31 07:04:51,702 [Worker-43: Building] INFO  o.a.m.s.f.DefaultMavenResourcesFiltering - skip non existing resourceDirectory /home/br/Documents/java-programs/java28minutes/Chapter14_Collections/src/test/resources
2024-10-31 07:04:56,515 [Worker-41: Building] INFO  o.a.m.s.f.DefaultMavenResourcesFiltering - skip non existing resourceDirectory /home/br/Documents/java-programs/java28minutes/Chapter14_Collections/src/main/resources
2024-10-31 07:04:56,517 [Worker-41: Building] INFO  o.a.m.s.f.DefaultMavenResourcesFiltering - skip non existing resourceDirectory /home/br/Documents/java-programs/java28minutes/Chapter14_Collections/src/test/resources
2024-10-31 07:05:24,281 [Worker-43: Building] INFO  o.a.m.s.f.DefaultMavenResourcesFiltering - skip non existing resourceDirectory /home/br/Documents/java-programs/java28minutes/Chapter14_Collections/src/main/resources
2024-10-31 07:05:24,283 [Worker-43: Building] INFO  o.a.m.s.f.DefaultMavenResourcesFiltering - skip non existing resourceDirectory /home/br/Documents/java-programs/java28minutes/Chapter14_Collections/src/test/resources
2024-10-31 07:06:24,782 [Worker-47: Building] INFO  o.a.m.s.f.DefaultMavenResourcesFiltering - skip non existing resourceDirectory /home/br/Documents/java-programs/java28minutes/Chapter14_Collections/src/main/resources
2024-10-31 07:06:24,786 [Worker-47: Building] INFO  o.a.m.s.f.DefaultMavenResourcesFiltering - skip non existing resourceDirectory /home/br/Documents/java-programs/java28minutes/Chapter14_Collections/src/test/resources
2024-10-31 07:06:42,393 [Worker-43: Building] INFO  o.a.m.s.f.DefaultMavenResourcesFiltering - skip non existing resourceDirectory /home/br/Documents/java-programs/java28minutes/Chapter14_Collections/src/main/resources
2024-10-31 07:06:42,394 [Worker-43: Building] INFO  o.a.m.s.f.DefaultMavenResourcesFiltering - skip non existing resourceDirectory /home/br/Documents/java-programs/java28minutes/Chapter14_Collections/src/test/resources
2024-10-31 07:07:34,656 [Worker-47: Building] INFO  o.a.m.s.f.DefaultMavenResourcesFiltering - skip non existing resourceDirectory /home/br/Documents/java-programs/java28minutes/Chapter14_Collections/src/main/resources
2024-10-31 07:07:34,658 [Worker-47: Building] INFO  o.a.m.s.f.DefaultMavenResourcesFiltering - skip non existing resourceDirectory /home/br/Documents/java-programs/java28minutes/Chapter14_Collections/src/test/resources
2024-10-31 07:09:21,778 [Worker-45: Building] INFO  o.a.m.s.f.DefaultMavenResourcesFiltering - skip non existing resourceDirectory /home/br/Documents/java-programs/java28minutes/Chapter14_Collections/src/main/resources
2024-10-31 07:09:21,780 [Worker-45: Building] INFO  o.a.m.s.f.DefaultMavenResourcesFiltering - skip non existing resourceDirectory /home/br/Documents/java-programs/java28minutes/Chapter14_Collections/src/test/resources
2024-10-31 07:10:15,411 [Worker-46: Building] INFO  o.a.m.s.f.DefaultMavenResourcesFiltering - skip non existing resourceDirectory /home/br/Documents/java-programs/java28minutes/Chapter14_Collections/src/main/resources
2024-10-31 07:10:15,413 [Worker-46: Building] INFO  o.a.m.s.f.DefaultMavenResourcesFiltering - skip non existing resourceDirectory /home/br/Documents/java-programs/java28minutes/Chapter14_Collections/src/test/resources
2024-10-31 07:12:21,219 [Worker-38: Building] INFO  o.a.m.s.f.DefaultMavenResourcesFiltering - skip non existing resourceDirectory /home/br/Documents/java-programs/java28minutes/Chapter14_Collections/src/main/resources
2024-10-31 07:12:21,221 [Worker-38: Building] INFO  o.a.m.s.f.DefaultMavenResourcesFiltering - skip non existing resourceDirectory /home/br/Documents/java-programs/java28minutes/Chapter14_Collections/src/test/resources
2024-10-31 07:12:58,371 [Worker-50: Building] INFO  o.a.m.s.f.DefaultMavenResourcesFiltering - skip non existing resourceDirectory /home/br/Documents/java-programs/java28minutes/Chapter14_Collections/src/main/resources
2024-10-31 07:12:58,373 [Worker-50: Building] INFO  o.a.m.s.f.DefaultMavenResourcesFiltering - skip non existing resourceDirectory /home/br/Documents/java-programs/java28minutes/Chapter14_Collections/src/test/resources
2024-10-31 07:13:45,481 [Worker-50: Building] INFO  o.a.m.s.f.DefaultMavenResourcesFiltering - skip non existing resourceDirectory /home/br/Documents/java-programs/java28minutes/Chapter14_Collections/src/main/resources
2024-10-31 07:13:45,483 [Worker-50: Building] INFO  o.a.m.s.f.DefaultMavenResourcesFiltering - skip non existing resourceDirectory /home/br/Documents/java-programs/java28minutes/Chapter14_Collections/src/test/resources
2024-10-31 07:14:19,938 [Worker-43: Building] INFO  o.a.m.s.f.DefaultMavenResourcesFiltering - skip non existing resourceDirectory /home/br/Documents/java-programs/java28minutes/Chapter14_Collections/src/main/resources
2024-10-31 07:14:19,940 [Worker-43: Building] INFO  o.a.m.s.f.DefaultMavenResourcesFiltering - skip non existing resourceDirectory /home/br/Documents/java-programs/java28minutes/Chapter14_Collections/src/test/resources
2024-10-31 07:14:58,022 [Worker-46: Building] INFO  o.a.m.s.f.DefaultMavenResourcesFiltering - skip non existing resourceDirectory /home/br/Documents/java-programs/java28minutes/Chapter14_Collections/src/main/resources
2024-10-31 07:14:58,027 [Worker-46: Building] INFO  o.a.m.s.f.DefaultMavenResourcesFiltering - skip non existing resourceDirectory /home/br/Documents/java-programs/java28minutes/Chapter14_Collections/src/test/resources
2024-10-31 08:39:33,409 [Worker-55: Building] INFO  o.a.m.s.f.DefaultMavenResourcesFiltering - skip non existing resourceDirectory /home/br/Documents/java-programs/java28minutes/Chapter14_Collections/src/main/resources
2024-10-31 08:39:33,420 [Worker-55: Building] INFO  o.a.m.s.f.DefaultMavenResourcesFiltering - skip non existing resourceDirectory /home/br/Documents/java-programs/java28minutes/Chapter14_Collections/src/test/resources
2024-10-31 08:39:37,838 [Worker-51: Building] INFO  o.a.m.s.f.DefaultMavenResourcesFiltering - skip non existing resourceDirectory /home/br/Documents/java-programs/java28minutes/Chapter14_Collections/src/main/resources
2024-10-31 08:39:37,847 [Worker-51: Building] INFO  o.a.m.s.f.DefaultMavenResourcesFiltering - skip non existing resourceDirectory /home/br/Documents/java-programs/java28minutes/Chapter14_Collections/src/test/resources
2024-10-31 08:40:22,697 [Worker-51: Building] INFO  o.a.m.s.f.DefaultMavenResourcesFiltering - skip non existing resourceDirectory /home/br/Documents/java-programs/java28minutes/Chapter14_Collections/src/main/resources
2024-10-31 08:40:22,699 [Worker-51: Building] INFO  o.a.m.s.f.DefaultMavenResourcesFiltering - skip non existing resourceDirectory /home/br/Documents/java-programs/java28minutes/Chapter14_Collections/src/test/resources
2024-10-31 08:40:34,493 [Worker-57: Building] INFO  o.a.m.s.f.DefaultMavenResourcesFiltering - skip non existing resourceDirectory /home/br/Documents/java-programs/java28minutes/Chapter14_Collections/src/main/resources
2024-10-31 08:40:34,495 [Worker-57: Building] INFO  o.a.m.s.f.DefaultMavenResourcesFiltering - skip non existing resourceDirectory /home/br/Documents/java-programs/java28minutes/Chapter14_Collections/src/test/resources
2024-10-31 08:41:03,338 [Worker-53: Building] INFO  o.a.m.s.f.DefaultMavenResourcesFiltering - skip non existing resourceDirectory /home/br/Documents/java-programs/java28minutes/Chapter14_Collections/src/main/resources
2024-10-31 08:41:03,340 [Worker-53: Building] INFO  o.a.m.s.f.DefaultMavenResourcesFiltering - skip non existing resourceDirectory /home/br/Documents/java-programs/java28minutes/Chapter14_Collections/src/test/resources
2024-10-31 08:41:08,294 [Worker-57: Building] INFO  o.a.m.s.f.DefaultMavenResourcesFiltering - skip non existing resourceDirectory /home/br/Documents/java-programs/java28minutes/Chapter14_Collections/src/main/resources
2024-10-31 08:41:08,297 [Worker-57: Building] INFO  o.a.m.s.f.DefaultMavenResourcesFiltering - skip non existing resourceDirectory /home/br/Documents/java-programs/java28minutes/Chapter14_Collections/src/test/resources
2024-10-31 08:41:20,266 [Worker-57: Building] INFO  o.a.m.s.f.DefaultMavenResourcesFiltering - skip non existing resourceDirectory /home/br/Documents/java-programs/java28minutes/Chapter14_Collections/src/main/resources
2024-10-31 08:41:20,268 [Worker-57: Building] INFO  o.a.m.s.f.DefaultMavenResourcesFiltering - skip non existing resourceDirectory /home/br/Documents/java-programs/java28minutes/Chapter14_Collections/src/test/resources
2024-10-31 08:41:26,782 [Worker-53: Building] INFO  o.a.m.s.f.DefaultMavenResourcesFiltering - skip non existing resourceDirectory /home/br/Documents/java-programs/java28minutes/Chapter14_Collections/src/main/resources
2024-10-31 08:41:26,784 [Worker-53: Building] INFO  o.a.m.s.f.DefaultMavenResourcesFiltering - skip non existing resourceDirectory /home/br/Documents/java-programs/java28minutes/Chapter14_Collections/src/test/resources
2024-10-31 08:41:54,340 [Worker-51: Building] INFO  o.a.m.s.f.DefaultMavenResourcesFiltering - skip non existing resourceDirectory /home/br/Documents/java-programs/java28minutes/Chapter14_Collections/src/main/resources
2024-10-31 08:41:54,343 [Worker-51: Building] INFO  o.a.m.s.f.DefaultMavenResourcesFiltering - skip non existing resourceDirectory /home/br/Documents/java-programs/java28minutes/Chapter14_Collections/src/test/resources
2024-10-31 08:42:14,956 [Worker-54: Building] INFO  o.a.m.s.f.DefaultMavenResourcesFiltering - skip non existing resourceDirectory /home/br/Documents/java-programs/java28minutes/Chapter14_Collections/src/main/resources
2024-10-31 08:42:14,958 [Worker-54: Building] INFO  o.a.m.s.f.DefaultMavenResourcesFiltering - skip non existing resourceDirectory /home/br/Documents/java-programs/java28minutes/Chapter14_Collections/src/test/resources
2024-10-31 08:42:53,923 [Worker-57: Building] INFO  o.a.m.s.f.DefaultMavenResourcesFiltering - skip non existing resourceDirectory /home/br/Documents/java-programs/java28minutes/Chapter14_Collections/src/main/resources
2024-10-31 08:42:53,925 [Worker-57: Building] INFO  o.a.m.s.f.DefaultMavenResourcesFiltering - skip non existing resourceDirectory /home/br/Documents/java-programs/java28minutes/Chapter14_Collections/src/test/resources
2024-10-31 08:43:40,529 [Worker-55: Building] INFO  o.a.m.s.f.DefaultMavenResourcesFiltering - skip non existing resourceDirectory /home/br/Documents/java-programs/java28minutes/Chapter14_Collections/src/main/resources
2024-10-31 08:43:40,531 [Worker-55: Building] INFO  o.a.m.s.f.DefaultMavenResourcesFiltering - skip non existing resourceDirectory /home/br/Documents/java-programs/java28minutes/Chapter14_Collections/src/test/resources
2024-10-31 08:46:08,245 [Worker-58: Building] INFO  o.a.m.s.f.DefaultMavenResourcesFiltering - skip non existing resourceDirectory /home/br/Documents/java-programs/java28minutes/Chapter14_Collections/src/main/resources
2024-10-31 08:46:08,247 [Worker-58: Building] INFO  o.a.m.s.f.DefaultMavenResourcesFiltering - skip non existing resourceDirectory /home/br/Documents/java-programs/java28minutes/Chapter14_Collections/src/test/resources
2024-10-31 08:46:13,021 [Worker-57: Building] INFO  o.a.m.s.f.DefaultMavenResourcesFiltering - skip non existing resourceDirectory /home/br/Documents/java-programs/java28minutes/Chapter14_Collections/src/main/resources
2024-10-31 08:46:13,024 [Worker-57: Building] INFO  o.a.m.s.f.DefaultMavenResourcesFiltering - skip non existing resourceDirectory /home/br/Documents/java-programs/java28minutes/Chapter14_Collections/src/test/resources
2024-10-31 08:47:14,157 [Worker-59: Building] INFO  o.a.m.s.f.DefaultMavenResourcesFiltering - skip non existing resourceDirectory /home/br/Documents/java-programs/java28minutes/Chapter14_Collections/src/main/resources
2024-10-31 08:47:14,165 [Worker-59: Building] INFO  o.a.m.s.f.DefaultMavenResourcesFiltering - skip non existing resourceDirectory /home/br/Documents/java-programs/java28minutes/Chapter14_Collections/src/test/resources
2024-10-31 08:47:19,287 [Worker-51: Building] INFO  o.a.m.s.f.DefaultMavenResourcesFiltering - skip non existing resourceDirectory /home/br/Documents/java-programs/java28minutes/Chapter14_Collections/src/main/resources
2024-10-31 08:47:19,289 [Worker-51: Building] INFO  o.a.m.s.f.DefaultMavenResourcesFiltering - skip non existing resourceDirectory /home/br/Documents/java-programs/java28minutes/Chapter14_Collections/src/test/resources
2024-10-31 08:48:46,598 [Worker-58: Building] INFO  o.a.m.s.f.DefaultMavenResourcesFiltering - skip non existing resourceDirectory /home/br/Documents/java-programs/java28minutes/Chapter14_Collections/src/main/resources
2024-10-31 08:48:46,600 [Worker-58: Building] INFO  o.a.m.s.f.DefaultMavenResourcesFiltering - skip non existing resourceDirectory /home/br/Documents/java-programs/java28minutes/Chapter14_Collections/src/test/resources
2024-10-31 08:48:50,394 [Worker-51: Building] INFO  o.a.m.s.f.DefaultMavenResourcesFiltering - skip non existing resourceDirectory /home/br/Documents/java-programs/java28minutes/Chapter14_Collections/src/main/resources
2024-10-31 08:48:50,397 [Worker-51: Building] INFO  o.a.m.s.f.DefaultMavenResourcesFiltering - skip non existing resourceDirectory /home/br/Documents/java-programs/java28minutes/Chapter14_Collections/src/test/resources
2024-10-31 08:49:12,548 [Worker-58: Building] INFO  o.a.m.s.f.DefaultMavenResourcesFiltering - skip non existing resourceDirectory /home/br/Documents/java-programs/java28minutes/Chapter14_Collections/src/main/resources
2024-10-31 08:49:12,552 [Worker-58: Building] INFO  o.a.m.s.f.DefaultMavenResourcesFiltering - skip non existing resourceDirectory /home/br/Documents/java-programs/java28minutes/Chapter14_Collections/src/test/resources
2024-10-31 08:49:21,341 [Worker-59: Building] INFO  o.a.m.s.f.DefaultMavenResourcesFiltering - skip non existing resourceDirectory /home/br/Documents/java-programs/java28minutes/Chapter14_Collections/src/main/resources
2024-10-31 08:49:21,343 [Worker-59: Building] INFO  o.a.m.s.f.DefaultMavenResourcesFiltering - skip non existing resourceDirectory /home/br/Documents/java-programs/java28minutes/Chapter14_Collections/src/test/resources
2024-10-31 08:50:35,760 [Worker-59: Building] INFO  o.a.m.s.f.DefaultMavenResourcesFiltering - skip non existing resourceDirectory /home/br/Documents/java-programs/java28minutes/Chapter14_Collections/src/main/resources
2024-10-31 08:50:35,763 [Worker-59: Building] INFO  o.a.m.s.f.DefaultMavenResourcesFiltering - skip non existing resourceDirectory /home/br/Documents/java-programs/java28minutes/Chapter14_Collections/src/test/resources
2024-10-31 08:52:55,485 [Worker-58: Building] INFO  o.a.m.s.f.DefaultMavenResourcesFiltering - skip non existing resourceDirectory /home/br/Documents/java-programs/java28minutes/Chapter14_Collections/src/main/resources
2024-10-31 08:52:55,489 [Worker-58: Building] INFO  o.a.m.s.f.DefaultMavenResourcesFiltering - skip non existing resourceDirectory /home/br/Documents/java-programs/java28minutes/Chapter14_Collections/src/test/resources
2024-10-31 08:53:48,231 [Worker-60: Building] INFO  o.a.m.s.f.DefaultMavenResourcesFiltering - skip non existing resourceDirectory /home/br/Documents/java-programs/java28minutes/Chapter14_Collections/src/main/resources
2024-10-31 08:53:48,233 [Worker-60: Building] INFO  o.a.m.s.f.DefaultMavenResourcesFiltering - skip non existing resourceDirectory /home/br/Documents/java-programs/java28minutes/Chapter14_Collections/src/test/resources
2024-10-31 08:53:51,289 [Worker-59: Building] INFO  o.a.m.s.f.DefaultMavenResourcesFiltering - skip non existing resourceDirectory /home/br/Documents/java-programs/java28minutes/Chapter14_Collections/src/main/resources
2024-10-31 08:53:51,291 [Worker-59: Building] INFO  o.a.m.s.f.DefaultMavenResourcesFiltering - skip non existing resourceDirectory /home/br/Documents/java-programs/java28minutes/Chapter14_Collections/src/test/resources
2024-10-31 08:54:27,042 [Worker-58: Building] INFO  o.a.m.s.f.DefaultMavenResourcesFiltering - skip non existing resourceDirectory /home/br/Documents/java-programs/java28minutes/Chapter14_Collections/src/main/resources
2024-10-31 08:54:27,044 [Worker-58: Building] INFO  o.a.m.s.f.DefaultMavenResourcesFiltering - skip non existing resourceDirectory /home/br/Documents/java-programs/java28minutes/Chapter14_Collections/src/test/resources
2024-10-31 08:54:32,228 [Worker-57: Building] INFO  o.a.m.s.f.DefaultMavenResourcesFiltering - skip non existing resourceDirectory /home/br/Documents/java-programs/java28minutes/Chapter14_Collections/src/main/resources
2024-10-31 08:54:32,230 [Worker-57: Building] INFO  o.a.m.s.f.DefaultMavenResourcesFiltering - skip non existing resourceDirectory /home/br/Documents/java-programs/java28minutes/Chapter14_Collections/src/test/resources
2024-10-31 08:56:43,356 [Worker-58: Building] INFO  o.a.m.s.f.DefaultMavenResourcesFiltering - skip non existing resourceDirectory /home/br/Documents/java-programs/java28minutes/Chapter14_Collections/src/main/resources
2024-10-31 08:56:43,358 [Worker-58: Building] INFO  o.a.m.s.f.DefaultMavenResourcesFiltering - skip non existing resourceDirectory /home/br/Documents/java-programs/java28minutes/Chapter14_Collections/src/test/resources
2024-10-31 08:56:45,860 [Worker-59: Building] INFO  o.a.m.s.f.DefaultMavenResourcesFiltering - skip non existing resourceDirectory /home/br/Documents/java-programs/java28minutes/Chapter14_Collections/src/main/resources
2024-10-31 08:56:45,862 [Worker-59: Building] INFO  o.a.m.s.f.DefaultMavenResourcesFiltering - skip non existing resourceDirectory /home/br/Documents/java-programs/java28minutes/Chapter14_Collections/src/test/resources
2024-10-31 08:56:49,592 [Worker-59: Building] INFO  o.a.m.s.f.DefaultMavenResourcesFiltering - skip non existing resourceDirectory /home/br/Documents/java-programs/java28minutes/Chapter14_Collections/src/main/resources
2024-10-31 08:56:49,594 [Worker-59: Building] INFO  o.a.m.s.f.DefaultMavenResourcesFiltering - skip non existing resourceDirectory /home/br/Documents/java-programs/java28minutes/Chapter14_Collections/src/test/resources
2024-10-31 08:57:20,412 [Worker-58: Building] INFO  o.a.m.s.f.DefaultMavenResourcesFiltering - skip non existing resourceDirectory /home/br/Documents/java-programs/java28minutes/Chapter14_Collections/src/main/resources
2024-10-31 08:57:20,414 [Worker-58: Building] INFO  o.a.m.s.f.DefaultMavenResourcesFiltering - skip non existing resourceDirectory /home/br/Documents/java-programs/java28minutes/Chapter14_Collections/src/test/resources
2024-10-31 08:57:33,042 [Worker-55: Building] INFO  o.a.m.s.f.DefaultMavenResourcesFiltering - skip non existing resourceDirectory /home/br/Documents/java-programs/java28minutes/Chapter14_Collections/src/main/resources
2024-10-31 08:57:33,043 [Worker-55: Building] INFO  o.a.m.s.f.DefaultMavenResourcesFiltering - skip non existing resourceDirectory /home/br/Documents/java-programs/java28minutes/Chapter14_Collections/src/test/resources
2024-10-31 08:58:20,906 [Worker-60: Building] INFO  o.a.m.s.f.DefaultMavenResourcesFiltering - skip non existing resourceDirectory /home/br/Documents/java-programs/java28minutes/Chapter14_Collections/src/main/resources
2024-10-31 08:58:20,908 [Worker-60: Building] INFO  o.a.m.s.f.DefaultMavenResourcesFiltering - skip non existing resourceDirectory /home/br/Documents/java-programs/java28minutes/Chapter14_Collections/src/test/resources
2024-10-31 08:58:38,103 [Worker-57: Building] INFO  o.a.m.s.f.DefaultMavenResourcesFiltering - skip non existing resourceDirectory /home/br/Documents/java-programs/java28minutes/Chapter14_Collections/src/main/resources
2024-10-31 08:58:38,105 [Worker-57: Building] INFO  o.a.m.s.f.DefaultMavenResourcesFiltering - skip non existing resourceDirectory /home/br/Documents/java-programs/java28minutes/Chapter14_Collections/src/test/resources
2024-10-31 08:59:12,408 [Worker-58: Building] INFO  o.a.m.s.f.DefaultMavenResourcesFiltering - skip non existing resourceDirectory /home/br/Documents/java-programs/java28minutes/Chapter14_Collections/src/main/resources
2024-10-31 08:59:12,410 [Worker-58: Building] INFO  o.a.m.s.f.DefaultMavenResourcesFiltering - skip non existing resourceDirectory /home/br/Documents/java-programs/java28minutes/Chapter14_Collections/src/test/resources
2024-10-31 08:59:46,588 [Worker-51: Building] INFO  o.a.m.s.f.DefaultMavenResourcesFiltering - skip non existing resourceDirectory /home/br/Documents/java-programs/java28minutes/Chapter14_Collections/src/main/resources
2024-10-31 08:59:46,591 [Worker-51: Building] INFO  o.a.m.s.f.DefaultMavenResourcesFiltering - skip non existing resourceDirectory /home/br/Documents/java-programs/java28minutes/Chapter14_Collections/src/test/resources
2024-10-31 09:01:58,339 [Worker-60: Building] INFO  o.a.m.s.f.DefaultMavenResourcesFiltering - skip non existing resourceDirectory /home/br/Documents/java-programs/java28minutes/Chapter14_Collections/src/main/resources
2024-10-31 09:01:58,342 [Worker-60: Building] INFO  o.a.m.s.f.DefaultMavenResourcesFiltering - skip non existing resourceDirectory /home/br/Documents/java-programs/java28minutes/Chapter14_Collections/src/test/resources
2024-10-31 09:02:02,457 [Worker-59: Building] INFO  o.a.m.s.f.DefaultMavenResourcesFiltering - skip non existing resourceDirectory /home/br/Documents/java-programs/java28minutes/Chapter14_Collections/src/main/resources
2024-10-31 09:02:02,459 [Worker-59: Building] INFO  o.a.m.s.f.DefaultMavenResourcesFiltering - skip non existing resourceDirectory /home/br/Documents/java-programs/java28minutes/Chapter14_Collections/src/test/resources
2024-10-31 09:02:38,543 [Worker-60: Building] INFO  o.a.m.s.f.DefaultMavenResourcesFiltering - skip non existing resourceDirectory /home/br/Documents/java-programs/java28minutes/Chapter14_Collections/src/main/resources
2024-10-31 09:02:38,544 [Worker-60: Building] INFO  o.a.m.s.f.DefaultMavenResourcesFiltering - skip non existing resourceDirectory /home/br/Documents/java-programs/java28minutes/Chapter14_Collections/src/test/resources
2024-10-31 09:02:45,862 [Worker-61: Building] INFO  o.a.m.s.f.DefaultMavenResourcesFiltering - skip non existing resourceDirectory /home/br/Documents/java-programs/java28minutes/Chapter14_Collections/src/main/resources
2024-10-31 09:02:45,863 [Worker-61: Building] INFO  o.a.m.s.f.DefaultMavenResourcesFiltering - skip non existing resourceDirectory /home/br/Documents/java-programs/java28minutes/Chapter14_Collections/src/test/resources
2024-10-31 09:03:36,228 [Worker-59: Building] INFO  o.a.m.s.f.DefaultMavenResourcesFiltering - skip non existing resourceDirectory /home/br/Documents/java-programs/java28minutes/Chapter14_Collections/src/main/resources
2024-10-31 09:03:36,230 [Worker-59: Building] INFO  o.a.m.s.f.DefaultMavenResourcesFiltering - skip non existing resourceDirectory /home/br/Documents/java-programs/java28minutes/Chapter14_Collections/src/test/resources
2024-10-31 09:04:11,084 [Worker-55: Building] INFO  o.a.m.s.f.DefaultMavenResourcesFiltering - skip non existing resourceDirectory /home/br/Documents/java-programs/java28minutes/Chapter14_Collections/src/main/resources
2024-10-31 09:04:11,086 [Worker-55: Building] INFO  o.a.m.s.f.DefaultMavenResourcesFiltering - skip non existing resourceDirectory /home/br/Documents/java-programs/java28minutes/Chapter14_Collections/src/test/resources
2024-10-31 09:05:13,141 [Worker-61: Building] INFO  o.a.m.s.f.DefaultMavenResourcesFiltering - skip non existing resourceDirectory /home/br/Documents/java-programs/java28minutes/Chapter14_Collections/src/main/resources
2024-10-31 09:05:13,142 [Worker-61: Building] INFO  o.a.m.s.f.DefaultMavenResourcesFiltering - skip non existing resourceDirectory /home/br/Documents/java-programs/java28minutes/Chapter14_Collections/src/test/resources
2024-10-31 09:05:42,806 [Worker-51: Building] INFO  o.a.m.s.f.DefaultMavenResourcesFiltering - skip non existing resourceDirectory /home/br/Documents/java-programs/java28minutes/Chapter14_Collections/src/main/resources
2024-10-31 09:05:42,808 [Worker-51: Building] INFO  o.a.m.s.f.DefaultMavenResourcesFiltering - skip non existing resourceDirectory /home/br/Documents/java-programs/java28minutes/Chapter14_Collections/src/test/resources
2024-10-31 09:05:47,210 [Worker-60: Building] INFO  o.a.m.s.f.DefaultMavenResourcesFiltering - skip non existing resourceDirectory /home/br/Documents/java-programs/java28minutes/Chapter14_Collections/src/main/resources
2024-10-31 09:05:47,212 [Worker-60: Building] INFO  o.a.m.s.f.DefaultMavenResourcesFiltering - skip non existing resourceDirectory /home/br/Documents/java-programs/java28minutes/Chapter14_Collections/src/test/resources
2024-10-31 09:06:21,124 [Worker-57: Building] INFO  o.a.m.s.f.DefaultMavenResourcesFiltering - skip non existing resourceDirectory /home/br/Documents/java-programs/java28minutes/Chapter14_Collections/src/main/resources
2024-10-31 09:06:21,126 [Worker-57: Building] INFO  o.a.m.s.f.DefaultMavenResourcesFiltering - skip non existing resourceDirectory /home/br/Documents/java-programs/java28minutes/Chapter14_Collections/src/test/resources
2024-10-31 09:06:50,257 [Worker-60: Building] INFO  o.a.m.s.f.DefaultMavenResourcesFiltering - skip non existing resourceDirectory /home/br/Documents/java-programs/java28minutes/Chapter14_Collections/src/main/resources
2024-10-31 09:06:50,258 [Worker-60: Building] INFO  o.a.m.s.f.DefaultMavenResourcesFiltering - skip non existing resourceDirectory /home/br/Documents/java-programs/java28minutes/Chapter14_Collections/src/test/resources
2024-10-31 09:07:40,570 [Worker-59: Building] INFO  o.a.m.s.f.DefaultMavenResourcesFiltering - skip non existing resourceDirectory /home/br/Documents/java-programs/java28minutes/Chapter14_Collections/src/main/resources
2024-10-31 09:07:40,571 [Worker-59: Building] INFO  o.a.m.s.f.DefaultMavenResourcesFiltering - skip non existing resourceDirectory /home/br/Documents/java-programs/java28minutes/Chapter14_Collections/src/test/resources
2024-10-31 09:07:46,407 [Worker-59: Building] INFO  o.a.m.s.f.DefaultMavenResourcesFiltering - skip non existing resourceDirectory /home/br/Documents/java-programs/java28minutes/Chapter14_Collections/src/main/resources
2024-10-31 09:07:46,409 [Worker-59: Building] INFO  o.a.m.s.f.DefaultMavenResourcesFiltering - skip non existing resourceDirectory /home/br/Documents/java-programs/java28minutes/Chapter14_Collections/src/test/resources
2024-10-31 09:08:25,478 [Worker-57: Building] INFO  o.a.m.s.f.DefaultMavenResourcesFiltering - skip non existing resourceDirectory /home/br/Documents/java-programs/java28minutes/Chapter14_Collections/src/main/resources
2024-10-31 09:08:25,479 [Worker-57: Building] INFO  o.a.m.s.f.DefaultMavenResourcesFiltering - skip non existing resourceDirectory /home/br/Documents/java-programs/java28minutes/Chapter14_Collections/src/test/resources
2024-10-31 09:09:35,479 [Worker-57: Building] INFO  o.a.m.s.f.DefaultMavenResourcesFiltering - skip non existing resourceDirectory /home/br/Documents/java-programs/java28minutes/Chapter14_Collections/src/main/resources
2024-10-31 09:09:35,481 [Worker-57: Building] INFO  o.a.m.s.f.DefaultMavenResourcesFiltering - skip non existing resourceDirectory /home/br/Documents/java-programs/java28minutes/Chapter14_Collections/src/test/resources
2024-10-31 09:09:59,272 [Worker-57: Building] INFO  o.a.m.s.f.DefaultMavenResourcesFiltering - skip non existing resourceDirectory /home/br/Documents/java-programs/java28minutes/Chapter14_Collections/src/main/resources
2024-10-31 09:09:59,274 [Worker-57: Building] INFO  o.a.m.s.f.DefaultMavenResourcesFiltering - skip non existing resourceDirectory /home/br/Documents/java-programs/java28minutes/Chapter14_Collections/src/test/resources
2024-10-31 09:11:33,266 [Worker-55: Building] INFO  o.a.m.s.f.DefaultMavenResourcesFiltering - skip non existing resourceDirectory /home/br/Documents/java-programs/java28minutes/Chapter14_Collections/src/main/resources
2024-10-31 09:11:33,268 [Worker-55: Building] INFO  o.a.m.s.f.DefaultMavenResourcesFiltering - skip non existing resourceDirectory /home/br/Documents/java-programs/java28minutes/Chapter14_Collections/src/test/resources
2024-10-31 09:11:40,098 [Worker-61: Building] INFO  o.a.m.s.f.DefaultMavenResourcesFiltering - skip non existing resourceDirectory /home/br/Documents/java-programs/java28minutes/Chapter14_Collections/src/main/resources
2024-10-31 09:11:40,099 [Worker-61: Building] INFO  o.a.m.s.f.DefaultMavenResourcesFiltering - skip non existing resourceDirectory /home/br/Documents/java-programs/java28minutes/Chapter14_Collections/src/test/resources
2024-10-31 09:11:48,508 [Worker-59: Building] INFO  o.a.m.s.f.DefaultMavenResourcesFiltering - skip non existing resourceDirectory /home/br/Documents/java-programs/java28minutes/Chapter14_Collections/src/main/resources
2024-10-31 09:11:48,510 [Worker-59: Building] INFO  o.a.m.s.f.DefaultMavenResourcesFiltering - skip non existing resourceDirectory /home/br/Documents/java-programs/java28minutes/Chapter14_Collections/src/test/resources
2024-10-31 09:11:51,595 [Worker-61: Building] INFO  o.a.m.s.f.DefaultMavenResourcesFiltering - skip non existing resourceDirectory /home/br/Documents/java-programs/java28minutes/Chapter14_Collections/src/main/resources
2024-10-31 09:11:51,597 [Worker-61: Building] INFO  o.a.m.s.f.DefaultMavenResourcesFiltering - skip non existing resourceDirectory /home/br/Documents/java-programs/java28minutes/Chapter14_Collections/src/test/resources
2024-10-31 09:12:15,970 [Worker-61: Building] INFO  o.a.m.s.f.DefaultMavenResourcesFiltering - skip non existing resourceDirectory /home/br/Documents/java-programs/java28minutes/Chapter14_Collections/src/main/resources
2024-10-31 09:12:15,971 [Worker-61: Building] INFO  o.a.m.s.f.DefaultMavenResourcesFiltering - skip non existing resourceDirectory /home/br/Documents/java-programs/java28minutes/Chapter14_Collections/src/test/resources
2024-10-31 09:12:46,257 [Worker-55: Building] INFO  o.a.m.s.f.DefaultMavenResourcesFiltering - skip non existing resourceDirectory /home/br/Documents/java-programs/java28minutes/Chapter14_Collections/src/main/resources
2024-10-31 09:12:46,259 [Worker-55: Building] INFO  o.a.m.s.f.DefaultMavenResourcesFiltering - skip non existing resourceDirectory /home/br/Documents/java-programs/java28minutes/Chapter14_Collections/src/test/resources
2024-10-31 09:13:50,754 [Worker-51: Building] INFO  o.a.m.s.f.DefaultMavenResourcesFiltering - skip non existing resourceDirectory /home/br/Documents/java-programs/java28minutes/Chapter14_Collections/src/main/resources
2024-10-31 09:13:50,755 [Worker-51: Building] INFO  o.a.m.s.f.DefaultMavenResourcesFiltering - skip non existing resourceDirectory /home/br/Documents/java-programs/java28minutes/Chapter14_Collections/src/test/resources
2024-10-31 09:13:54,219 [Worker-60: Building] INFO  o.a.m.s.f.DefaultMavenResourcesFiltering - skip non existing resourceDirectory /home/br/Documents/java-programs/java28minutes/Chapter14_Collections/src/main/resources
2024-10-31 09:13:54,220 [Worker-60: Building] INFO  o.a.m.s.f.DefaultMavenResourcesFiltering - skip non existing resourceDirectory /home/br/Documents/java-programs/java28minutes/Chapter14_Collections/src/test/resources
2024-10-31 09:14:18,327 [Worker-57: Building] INFO  o.a.m.s.f.DefaultMavenResourcesFiltering - skip non existing resourceDirectory /home/br/Documents/java-programs/java28minutes/Chapter14_Collections/src/main/resources
2024-10-31 09:14:18,329 [Worker-57: Building] INFO  o.a.m.s.f.DefaultMavenResourcesFiltering - skip non existing resourceDirectory /home/br/Documents/java-programs/java28minutes/Chapter14_Collections/src/test/resources
2024-10-31 09:14:35,267 [Worker-59: Building] INFO  o.a.m.s.f.DefaultMavenResourcesFiltering - skip non existing resourceDirectory /home/br/Documents/java-programs/java28minutes/Chapter14_Collections/src/main/resources
2024-10-31 09:14:35,269 [Worker-59: Building] INFO  o.a.m.s.f.DefaultMavenResourcesFiltering - skip non existing resourceDirectory /home/br/Documents/java-programs/java28minutes/Chapter14_Collections/src/test/resources
2024-10-31 09:15:09,161 [Worker-59: Building] INFO  o.a.m.s.f.DefaultMavenResourcesFiltering - skip non existing resourceDirectory /home/br/Documents/java-programs/java28minutes/Chapter14_Collections/src/main/resources
2024-10-31 09:15:09,163 [Worker-59: Building] INFO  o.a.m.s.f.DefaultMavenResourcesFiltering - skip non existing resourceDirectory /home/br/Documents/java-programs/java28minutes/Chapter14_Collections/src/test/resources
2024-10-31 09:15:11,550 [Worker-51: Building] INFO  o.a.m.s.f.DefaultMavenResourcesFiltering - skip non existing resourceDirectory /home/br/Documents/java-programs/java28minutes/Chapter14_Collections/src/main/resources
2024-10-31 09:15:11,551 [Worker-51: Building] INFO  o.a.m.s.f.DefaultMavenResourcesFiltering - skip non existing resourceDirectory /home/br/Documents/java-programs/java28minutes/Chapter14_Collections/src/test/resources
2024-10-31 09:16:22,962 [Worker-59: Building] INFO  o.a.m.s.f.DefaultMavenResourcesFiltering - skip non existing resourceDirectory /home/br/Documents/java-programs/java28minutes/Chapter14_Collections/src/main/resources
2024-10-31 09:16:22,964 [Worker-59: Building] INFO  o.a.m.s.f.DefaultMavenResourcesFiltering - skip non existing resourceDirectory /home/br/Documents/java-programs/java28minutes/Chapter14_Collections/src/test/resources
2024-10-31 09:16:50,798 [Worker-59: Building] INFO  o.a.m.s.f.DefaultMavenResourcesFiltering - skip non existing resourceDirectory /home/br/Documents/java-programs/java28minutes/Chapter14_Collections/src/main/resources
2024-10-31 09:16:50,800 [Worker-59: Building] INFO  o.a.m.s.f.DefaultMavenResourcesFiltering - skip non existing resourceDirectory /home/br/Documents/java-programs/java28minutes/Chapter14_Collections/src/test/resources
2024-10-31 09:19:39,137 [Worker-60: Building] INFO  o.a.m.s.f.DefaultMavenResourcesFiltering - skip non existing resourceDirectory /home/br/Documents/java-programs/java28minutes/Chapter14_Collections/src/main/resources
2024-10-31 09:19:39,140 [Worker-60: Building] INFO  o.a.m.s.f.DefaultMavenResourcesFiltering - skip non existing resourceDirectory /home/br/Documents/java-programs/java28minutes/Chapter14_Collections/src/test/resources
2024-10-31 09:19:54,214 [Worker-57: Building] INFO  o.a.m.s.f.DefaultMavenResourcesFiltering - skip non existing resourceDirectory /home/br/Documents/java-programs/java28minutes/Chapter14_Collections/src/main/resources
2024-10-31 09:19:54,215 [Worker-57: Building] INFO  o.a.m.s.f.DefaultMavenResourcesFiltering - skip non existing resourceDirectory /home/br/Documents/java-programs/java28minutes/Chapter14_Collections/src/test/resources
2024-10-31 09:20:48,726 [Worker-55: Building] INFO  o.a.m.s.f.DefaultMavenResourcesFiltering - skip non existing resourceDirectory /home/br/Documents/java-programs/java28minutes/Chapter14_Collections/src/main/resources
2024-10-31 09:20:48,727 [Worker-55: Building] INFO  o.a.m.s.f.DefaultMavenResourcesFiltering - skip non existing resourceDirectory /home/br/Documents/java-programs/java28minutes/Chapter14_Collections/src/test/resources
2024-10-31 09:25:53,712 [Worker-65: Building] INFO  o.a.m.s.f.DefaultMavenResourcesFiltering - skip non existing resourceDirectory /home/br/Documents/java-programs/java28minutes/Chapter14_Collections/src/main/resources
2024-10-31 09:25:53,714 [Worker-65: Building] INFO  o.a.m.s.f.DefaultMavenResourcesFiltering - skip non existing resourceDirectory /home/br/Documents/java-programs/java28minutes/Chapter14_Collections/src/test/resources
2024-10-31 09:27:10,695 [Worker-63: Building] INFO  o.a.m.s.f.DefaultMavenResourcesFiltering - skip non existing resourceDirectory /home/br/Documents/java-programs/java28minutes/Chapter14_Collections/src/main/resources
2024-10-31 09:27:10,697 [Worker-63: Building] INFO  o.a.m.s.f.DefaultMavenResourcesFiltering - skip non existing resourceDirectory /home/br/Documents/java-programs/java28minutes/Chapter14_Collections/src/test/resources
2024-10-31 09:27:15,700 [Worker-64: Building] INFO  o.a.m.s.f.DefaultMavenResourcesFiltering - skip non existing resourceDirectory /home/br/Documents/java-programs/java28minutes/Chapter14_Collections/src/main/resources
2024-10-31 09:27:15,701 [Worker-64: Building] INFO  o.a.m.s.f.DefaultMavenResourcesFiltering - skip non existing resourceDirectory /home/br/Documents/java-programs/java28minutes/Chapter14_Collections/src/test/resources
2024-10-31 09:58:59,868 [Worker-63: Building] INFO  o.a.m.s.f.DefaultMavenResourcesFiltering - skip non existing resourceDirectory /home/br/Documents/java-programs/java28minutes/Chapter14_Collections/src/main/resources
2024-10-31 09:58:59,870 [Worker-63: Building] INFO  o.a.m.s.f.DefaultMavenResourcesFiltering - skip non existing resourceDirectory /home/br/Documents/java-programs/java28minutes/Chapter14_Collections/src/test/resources
2024-10-31 09:59:32,202 [Worker-69: Building] INFO  o.a.m.s.f.DefaultMavenResourcesFiltering - skip non existing resourceDirectory /home/br/Documents/java-programs/java28minutes/Chapter14_Collections/src/main/resources
2024-10-31 09:59:32,206 [Worker-69: Building] INFO  o.a.m.s.f.DefaultMavenResourcesFiltering - skip non existing resourceDirectory /home/br/Documents/java-programs/java28minutes/Chapter14_Collections/src/test/resources
2024-10-31 10:01:00,006 [Worker-63: Building] INFO  o.a.m.s.f.DefaultMavenResourcesFiltering - skip non existing resourceDirectory /home/br/Documents/java-programs/java28minutes/Chapter14_Collections/src/main/resources
2024-10-31 10:01:00,009 [Worker-63: Building] INFO  o.a.m.s.f.DefaultMavenResourcesFiltering - skip non existing resourceDirectory /home/br/Documents/java-programs/java28minutes/Chapter14_Collections/src/test/resources
2024-10-31 10:01:20,762 [Worker-75: Building] INFO  o.a.m.s.f.DefaultMavenResourcesFiltering - skip non existing resourceDirectory /home/br/Documents/java-programs/java28minutes/Chapter14_Collections/src/main/resources
2024-10-31 10:01:20,764 [Worker-75: Building] INFO  o.a.m.s.f.DefaultMavenResourcesFiltering - skip non existing resourceDirectory /home/br/Documents/java-programs/java28minutes/Chapter14_Collections/src/test/resources
2024-10-31 10:02:13,296 [Worker-73: Building] INFO  o.a.m.s.f.DefaultMavenResourcesFiltering - skip non existing resourceDirectory /home/br/Documents/java-programs/java28minutes/Chapter14_Collections/src/main/resources
2024-10-31 10:02:13,297 [Worker-73: Building] INFO  o.a.m.s.f.DefaultMavenResourcesFiltering - skip non existing resourceDirectory /home/br/Documents/java-programs/java28minutes/Chapter14_Collections/src/test/resources
2024-10-31 10:02:48,495 [Worker-69: Building] INFO  o.a.m.s.f.DefaultMavenResourcesFiltering - skip non existing resourceDirectory /home/br/Documents/java-programs/java28minutes/Chapter14_Collections/src/main/resources
2024-10-31 10:02:48,497 [Worker-69: Building] INFO  o.a.m.s.f.DefaultMavenResourcesFiltering - skip non existing resourceDirectory /home/br/Documents/java-programs/java28minutes/Chapter14_Collections/src/test/resources
2024-10-31 10:04:40,457 [Worker-69: Building] INFO  o.a.m.s.f.DefaultMavenResourcesFiltering - skip non existing resourceDirectory /home/br/Documents/java-programs/java28minutes/Chapter14_Collections/src/main/resources
2024-10-31 10:04:40,458 [Worker-69: Building] INFO  o.a.m.s.f.DefaultMavenResourcesFiltering - skip non existing resourceDirectory /home/br/Documents/java-programs/java28minutes/Chapter14_Collections/src/test/resources
2024-10-31 10:05:34,173 [Worker-75: Building] INFO  o.a.m.s.f.DefaultMavenResourcesFiltering - skip non existing resourceDirectory /home/br/Documents/java-programs/java28minutes/Chapter14_Collections/src/main/resources
2024-10-31 10:05:34,176 [Worker-75: Building] INFO  o.a.m.s.f.DefaultMavenResourcesFiltering - skip non existing resourceDirectory /home/br/Documents/java-programs/java28minutes/Chapter14_Collections/src/test/resources
2024-10-31 10:05:40,039 [Worker-73: Building] INFO  o.a.m.s.f.DefaultMavenResourcesFiltering - skip non existing resourceDirectory /home/br/Documents/java-programs/java28minutes/Chapter14_Collections/src/main/resources
2024-10-31 10:05:40,042 [Worker-73: Building] INFO  o.a.m.s.f.DefaultMavenResourcesFiltering - skip non existing resourceDirectory /home/br/Documents/java-programs/java28minutes/Chapter14_Collections/src/test/resources
2024-10-31 10:06:08,379 [Worker-69: Building] INFO  o.a.m.s.f.DefaultMavenResourcesFiltering - skip non existing resourceDirectory /home/br/Documents/java-programs/java28minutes/Chapter14_Collections/src/main/resources
2024-10-31 10:06:08,380 [Worker-69: Building] INFO  o.a.m.s.f.DefaultMavenResourcesFiltering - skip non existing resourceDirectory /home/br/Documents/java-programs/java28minutes/Chapter14_Collections/src/test/resources
2024-10-31 10:06:37,226 [Worker-74: Building] INFO  o.a.m.s.f.DefaultMavenResourcesFiltering - skip non existing resourceDirectory /home/br/Documents/java-programs/java28minutes/Chapter14_Collections/src/main/resources
2024-10-31 10:06:37,228 [Worker-74: Building] INFO  o.a.m.s.f.DefaultMavenResourcesFiltering - skip non existing resourceDirectory /home/br/Documents/java-programs/java28minutes/Chapter14_Collections/src/test/resources
2024-10-31 10:06:48,646 [Worker-73: Building] INFO  o.a.m.s.f.DefaultMavenResourcesFiltering - skip non existing resourceDirectory /home/br/Documents/java-programs/java28minutes/Chapter14_Collections/src/main/resources
2024-10-31 10:06:48,647 [Worker-73: Building] INFO  o.a.m.s.f.DefaultMavenResourcesFiltering - skip non existing resourceDirectory /home/br/Documents/java-programs/java28minutes/Chapter14_Collections/src/test/resources
2024-10-31 10:07:58,824 [Worker-74: Building] INFO  o.a.m.s.f.DefaultMavenResourcesFiltering - skip non existing resourceDirectory /home/br/Documents/java-programs/java28minutes/Chapter14_Collections/src/main/resources
2024-10-31 10:07:58,826 [Worker-74: Building] INFO  o.a.m.s.f.DefaultMavenResourcesFiltering - skip non existing resourceDirectory /home/br/Documents/java-programs/java28minutes/Chapter14_Collections/src/test/resources
2024-10-31 10:09:03,208 [Worker-73: Building] INFO  o.a.m.s.f.DefaultMavenResourcesFiltering - skip non existing resourceDirectory /home/br/Documents/java-programs/java28minutes/Chapter14_Collections/src/main/resources
2024-10-31 10:09:03,209 [Worker-73: Building] INFO  o.a.m.s.f.DefaultMavenResourcesFiltering - skip non existing resourceDirectory /home/br/Documents/java-programs/java28minutes/Chapter14_Collections/src/test/resources
2024-10-31 10:09:10,980 [Worker-69: Building] INFO  o.a.m.s.f.DefaultMavenResourcesFiltering - skip non existing resourceDirectory /home/br/Documents/java-programs/java28minutes/Chapter14_Collections/src/main/resources
2024-10-31 10:09:10,982 [Worker-69: Building] INFO  o.a.m.s.f.DefaultMavenResourcesFiltering - skip non existing resourceDirectory /home/br/Documents/java-programs/java28minutes/Chapter14_Collections/src/test/resources
2024-10-31 10:09:19,186 [Worker-75: Building] INFO  o.a.m.s.f.DefaultMavenResourcesFiltering - skip non existing resourceDirectory /home/br/Documents/java-programs/java28minutes/Chapter14_Collections/src/main/resources
2024-10-31 10:09:19,188 [Worker-75: Building] INFO  o.a.m.s.f.DefaultMavenResourcesFiltering - skip non existing resourceDirectory /home/br/Documents/java-programs/java28minutes/Chapter14_Collections/src/test/resources
2024-10-31 10:09:39,870 [Worker-69: Building] INFO  o.a.m.s.f.DefaultMavenResourcesFiltering - skip non existing resourceDirectory /home/br/Documents/java-programs/java28minutes/Chapter14_Collections/src/main/resources
2024-10-31 10:09:39,872 [Worker-69: Building] INFO  o.a.m.s.f.DefaultMavenResourcesFiltering - skip non existing resourceDirectory /home/br/Documents/java-programs/java28minutes/Chapter14_Collections/src/test/resources
2024-10-31 10:10:22,442 [Worker-76: Building] INFO  o.a.m.s.f.DefaultMavenResourcesFiltering - skip non existing resourceDirectory /home/br/Documents/java-programs/java28minutes/Chapter14_Collections/src/main/resources
2024-10-31 10:10:22,444 [Worker-76: Building] INFO  o.a.m.s.f.DefaultMavenResourcesFiltering - skip non existing resourceDirectory /home/br/Documents/java-programs/java28minutes/Chapter14_Collections/src/test/resources
2024-10-31 10:10:34,567 [Worker-76: Building] INFO  o.a.m.s.f.DefaultMavenResourcesFiltering - skip non existing resourceDirectory /home/br/Documents/java-programs/java28minutes/Chapter14_Collections/src/main/resources
2024-10-31 10:10:34,571 [Worker-76: Building] INFO  o.a.m.s.f.DefaultMavenResourcesFiltering - skip non existing resourceDirectory /home/br/Documents/java-programs/java28minutes/Chapter14_Collections/src/test/resources
2024-10-31 10:11:22,867 [Worker-73: Building] INFO  o.a.m.s.f.DefaultMavenResourcesFiltering - skip non existing resourceDirectory /home/br/Documents/java-programs/java28minutes/Chapter14_Collections/src/main/resources
2024-10-31 10:11:22,871 [Worker-73: Building] INFO  o.a.m.s.f.DefaultMavenResourcesFiltering - skip non existing resourceDirectory /home/br/Documents/java-programs/java28minutes/Chapter14_Collections/src/test/resources
2024-10-31 10:12:13,087 [Worker-76: Building] INFO  o.a.m.s.f.DefaultMavenResourcesFiltering - skip non existing resourceDirectory /home/br/Documents/java-programs/java28minutes/Chapter14_Collections/src/main/resources
2024-10-31 10:12:13,092 [Worker-76: Building] INFO  o.a.m.s.f.DefaultMavenResourcesFiltering - skip non existing resourceDirectory /home/br/Documents/java-programs/java28minutes/Chapter14_Collections/src/test/resources
2024-10-31 10:12:34,065 [Worker-76: Building] INFO  o.a.m.s.f.DefaultMavenResourcesFiltering - skip non existing resourceDirectory /home/br/Documents/java-programs/java28minutes/Chapter14_Collections/src/main/resources
2024-10-31 10:12:34,066 [Worker-76: Building] INFO  o.a.m.s.f.DefaultMavenResourcesFiltering - skip non existing resourceDirectory /home/br/Documents/java-programs/java28minutes/Chapter14_Collections/src/test/resources
2024-10-31 10:14:34,051 [Worker-75: Building] INFO  o.a.m.s.f.DefaultMavenResourcesFiltering - skip non existing resourceDirectory /home/br/Documents/java-programs/java28minutes/Chapter14_Collections/src/main/resources
2024-10-31 10:14:34,052 [Worker-75: Building] INFO  o.a.m.s.f.DefaultMavenResourcesFiltering - skip non existing resourceDirectory /home/br/Documents/java-programs/java28minutes/Chapter14_Collections/src/test/resources
2024-10-31 10:15:56,714 [Worker-75: Building] INFO  o.a.m.s.f.DefaultMavenResourcesFiltering - skip non existing resourceDirectory /home/br/Documents/java-programs/java28minutes/Chapter14_Collections/src/main/resources
2024-10-31 10:15:56,715 [Worker-75: Building] INFO  o.a.m.s.f.DefaultMavenResourcesFiltering - skip non existing resourceDirectory /home/br/Documents/java-programs/java28minutes/Chapter14_Collections/src/test/resources
2024-10-31 10:17:02,179 [Worker-78: Building] INFO  o.a.m.s.f.DefaultMavenResourcesFiltering - skip non existing resourceDirectory /home/br/Documents/java-programs/java28minutes/Chapter14_Collections/src/main/resources
2024-10-31 10:17:02,181 [Worker-78: Building] INFO  o.a.m.s.f.DefaultMavenResourcesFiltering - skip non existing resourceDirectory /home/br/Documents/java-programs/java28minutes/Chapter14_Collections/src/test/resources
2024-10-31 10:17:13,313 [Worker-63: Building] INFO  o.a.m.s.f.DefaultMavenResourcesFiltering - skip non existing resourceDirectory /home/br/Documents/java-programs/java28minutes/Chapter14_Collections/src/main/resources
2024-10-31 10:17:13,314 [Worker-63: Building] INFO  o.a.m.s.f.DefaultMavenResourcesFiltering - skip non existing resourceDirectory /home/br/Documents/java-programs/java28minutes/Chapter14_Collections/src/test/resources
2024-10-31 14:03:51,506 [Worker-0: Loading available Gradle versions] INFO  o.e.b.c.i.u.g.PublishedGradleVersions - Gradle version information cache is up-to-date. Trying to read.
